#
# There is insufficient memory for the Java Runtime Environment to continue.
# Native memory allocation (malloc) failed to allocate 1555696 bytes for Chunk::new
# Possible reasons:
#   The system is out of physical RAM or swap space
#   The process is running with CompressedOops enabled, and the Java Heap may be blocking the growth of the native heap
# Possible solutions:
#   Reduce memory load on the system
#   Increase physical memory or swap space
#   Check if swap backing store is full
#   Decrease Java heap size (-Xmx/-Xms)
#   Decrease number of Java threads
#   Decrease Java thread stack sizes (-Xss)
#   Set larger code cache with -XX:ReservedCodeCacheSize=
#   JVM is running with Unscaled Compressed Oops mode in which the Java heap is
#     placed in the first 4GB address space. The Java Heap base address is the
#     maximum limit for the native heap growth. Please use -XX:HeapBaseMinAddress
#     to set the Java Heap base and to place the Java Heap above 4GB virtual address.
# This output file may be truncated or incomplete.
#
#  Out of Memory Error (./src/hotspot/share/memory/arena.cpp:197), pid=8528, tid=10012
#
# JRE version: OpenJDK Runtime Environment (11.0.12+7) (build 11.0.12+7-b1504.28-7817840)
# Java VM: OpenJDK 64-Bit Server VM (11.0.12+7-b1504.28-7817840, mixed mode, tiered, compressed oops, g1 gc, windows-amd64)
# No core dump will be written. Minidumps are not enabled by default on client versions of Windows
#

---------------  S U M M A R Y ------------

Command Line: --add-opens=java.base/java.util=ALL-UNNAMED --add-opens=java.base/java.lang=ALL-UNNAMED --add-opens=java.base/java.lang.invoke=ALL-UNNAMED --add-opens=java.base/java.util=ALL-UNNAMED --add-opens=java.prefs/java.util.prefs=ALL-UNNAMED --add-opens=java.prefs/java.util.prefs=ALL-UNNAMED --add-opens=java.base/java.nio.charset=ALL-UNNAMED --add-opens=java.base/java.net=ALL-UNNAMED --add-opens=java.base/java.util.concurrent.atomic=ALL-UNNAMED -Xmx2048m -Dfile.encoding=UTF-8 -Duser.country=ID -Duser.language=en -Duser.variant org.gradle.launcher.daemon.bootstrap.GradleDaemon 7.3.3

Host: Intel(R) Pentium(R) CPU G4560 @ 3.50GHz, 4 cores, 7G,  Windows 10 , 64 bit Build 19041 (10.0.19041.1889)
Time: Thu Oct 27 00:53:39 2022 SE Asia Standard Time elapsed time: 19578.292571 seconds (0d 5h 26m 18s)

---------------  T H R E A D  ---------------

Current thread (0x000001e4bf520800):  JavaThread "C2 CompilerThread0" daemon [_thread_in_native, id=10012, stack(0x0000002f51200000,0x0000002f51300000)]


Current CompileTask:
C2:19578293 30130       4       sun.reflect.generics.parser.SignatureParser::parseClassTypeSignature (118 bytes)

Stack: [0x0000002f51200000,0x0000002f51300000]
Native frames: (J=compiled Java code, j=interpreted, Vv=VM code, C=native code)
V  [jvm.dll+0x5fbcea]
V  [jvm.dll+0x731905]
V  [jvm.dll+0x732f1d]
V  [jvm.dll+0x7335d3]
V  [jvm.dll+0x247bf8]
V  [jvm.dll+0xc018c]
V  [jvm.dll+0xc06cc]
V  [jvm.dll+0x35b2db]
V  [jvm.dll+0x328803]
V  [jvm.dll+0x327cfa]
V  [jvm.dll+0x200602]
V  [jvm.dll+0x1ff794]
V  [jvm.dll+0x18868c]
V  [jvm.dll+0x20e0d7]
V  [jvm.dll+0x20c901]
V  [jvm.dll+0x6f9b7f]
V  [jvm.dll+0x6f26a5]
V  [jvm.dll+0x5fabf6]
C  [ucrtbase.dll+0x21bb2]
C  [KERNEL32.DLL+0x17034]
C  [ntdll.dll+0x526a1]


---------------  P R O C E S S  ---------------

Threads class SMR info:
_java_thread_list=0x000001e4c10d2270, length=92, elements={
0x000001e4a58f9000, 0x000001e4bf4fe800, 0x000001e4bf4ff800, 0x000001e4bf518000,
0x000001e4bf51a800, 0x000001e4bf51c800, 0x000001e4bf520800, 0x000001e4bf524000,
0x000001e4bf54e000, 0x000001e4bffd3800, 0x000001e4c1efd000, 0x000001e4c01ee000,
0x000001e4c3479800, 0x000001e4c2fbe800, 0x000001e4c2fc3800, 0x000001e4c2fc1000,
0x000001e4c2fc2000, 0x000001e4c2fc0800, 0x000001e4c35c6800, 0x000001e4c35c7800,
0x000001e4c35cb800, 0x000001e4c35ce800, 0x000001e4c35d4800, 0x000001e4c1ec5000,
0x000001e4c1ec2800, 0x000001e4c5b44800, 0x000001e4ca868000, 0x000001e4ca86d800,
0x000001e4ca86f000, 0x000001e4ca869800, 0x000001e4ca866000, 0x000001e4ca86b000,
0x000001e4ca868800, 0x000001e4ca86a000, 0x000001e4ca867000, 0x000001e4ca871800,
0x000001e4ca86c800, 0x000001e4ca871000, 0x000001e4ca873000, 0x000001e4ca870000,
0x000001e4ca874000, 0x000001e4ca86e800, 0x000001e4c5b47000, 0x000001e4c5b43000,
0x000001e4c5b45800, 0x000001e4c5b41800, 0x000001e4c5b46000, 0x000001e4c5b48000,
0x000001e4c5b43800, 0x000001e4c5b42000, 0x000001e4c5b4c000, 0x000001e4c5b4b000,
0x000001e4c5b49800, 0x000001e4c5b4c800, 0x000001e4c5b4a800, 0x000001e4c5b4d800,
0x000001e4c5b4e800, 0x000001e4c5b48800, 0x000001e4c5b4f000, 0x000001e4c5b50000,
0x000001e4ca121800, 0x000001e4ca120800, 0x000001e4ca122800, 0x000001e4ca124800,
0x000001e4ca120000, 0x000001e4ca125800, 0x000001e4ca127000, 0x000001e4ca128000,
0x000001e4ca129000, 0x000001e4ca124000, 0x000001e4ca123000, 0x000001e4ca12c000,
0x000001e4ca12e800, 0x000001e4ca12d000, 0x000001e4ca12d800, 0x000001e4ca129800,
0x000001e4ca12a800, 0x000001e4c1ebe000, 0x000001e4c1ebe800, 0x000001e4c1ebd000,
0x000001e4c1eb9000, 0x000001e4c1eb9800, 0x000001e4c1ec0800, 0x000001e4c1eba800,
0x000001e4c1ec2000, 0x000001e4c1ec7000, 0x000001e4c1ec6000, 0x000001e4c1ec4800,
0x000001e4c1ec1000, 0x000001e4c1ec7800, 0x000001e4c35c9000, 0x000001e4c35d0800
}

Java Threads: ( => current thread )
  0x000001e4a58f9000 JavaThread "main" [_thread_blocked, id=8300, stack(0x0000002f50600000,0x0000002f50700000)]
  0x000001e4bf4fe800 JavaThread "Reference Handler" daemon [_thread_blocked, id=5228, stack(0x0000002f50d00000,0x0000002f50e00000)]
  0x000001e4bf4ff800 JavaThread "Finalizer" daemon [_thread_blocked, id=9628, stack(0x0000002f50e00000,0x0000002f50f00000)]
  0x000001e4bf518000 JavaThread "Signal Dispatcher" daemon [_thread_blocked, id=2280, stack(0x0000002f50f00000,0x0000002f51000000)]
  0x000001e4bf51a800 JavaThread "Attach Listener" daemon [_thread_blocked, id=8536, stack(0x0000002f51000000,0x0000002f51100000)]
  0x000001e4bf51c800 JavaThread "Service Thread" daemon [_thread_blocked, id=10764, stack(0x0000002f51100000,0x0000002f51200000)]
=>0x000001e4bf520800 JavaThread "C2 CompilerThread0" daemon [_thread_in_native, id=10012, stack(0x0000002f51200000,0x0000002f51300000)]
  0x000001e4bf524000 JavaThread "C1 CompilerThread0" daemon [_thread_in_vm, id=4936, stack(0x0000002f51300000,0x0000002f51400000)]
  0x000001e4bf54e000 JavaThread "Sweeper thread" daemon [_thread_blocked, id=2912, stack(0x0000002f51400000,0x0000002f51500000)]
  0x000001e4bffd3800 JavaThread "Common-Cleaner" daemon [_thread_blocked, id=284, stack(0x0000002f51500000,0x0000002f51600000)]
  0x000001e4c1efd000 JavaThread "Daemon health stats" [_thread_blocked, id=9296, stack(0x0000002f51a00000,0x0000002f51b00000)]
  0x000001e4c01ee000 JavaThread "Incoming local TCP Connector on port 50846" [_thread_in_native, id=2852, stack(0x0000002f51700000,0x0000002f51800000)]
  0x000001e4c3479800 JavaThread "Daemon periodic checks" [_thread_blocked, id=4788, stack(0x0000002f51b00000,0x0000002f51c00000)]
  0x000001e4c2fbe800 JavaThread "Cache worker for journal cache (C:\Users\BAGUS\.gradle\caches\journal-1)" [_thread_blocked, id=8284, stack(0x0000002f52200000,0x0000002f52300000)]
  0x000001e4c2fc3800 JavaThread "File lock request listener" [_thread_in_native, id=5672, stack(0x0000002f52500000,0x0000002f52600000)]
  0x000001e4c2fc1000 JavaThread "Cache worker for file hash cache (C:\Users\BAGUS\.gradle\caches\7.3.3\fileHashes)" [_thread_blocked, id=5072, stack(0x0000002f52600000,0x0000002f52700000)]
  0x000001e4c2fc2000 JavaThread "File watcher server" daemon [_thread_in_native, id=9056, stack(0x0000002f52900000,0x0000002f52a00000)]
  0x000001e4c2fc0800 JavaThread "File watcher consumer" daemon [_thread_blocked, id=10760, stack(0x0000002f52a00000,0x0000002f52b00000)]
  0x000001e4c35c6800 JavaThread "Cache worker for execution history cache (C:\Users\BAGUS\.gradle\caches\7.3.3\executionHistory)" [_thread_blocked, id=1444, stack(0x0000002f52d00000,0x0000002f52e00000)]
  0x000001e4c35c7800 JavaThread "jar transforms" [_thread_blocked, id=6900, stack(0x0000002f52f00000,0x0000002f53000000)]
  0x000001e4c35cb800 JavaThread "Cache worker for file content cache (C:\Users\BAGUS\.gradle\caches\7.3.3\fileContent)" [_thread_blocked, id=9812, stack(0x0000002f53000000,0x0000002f53100000)]
  0x000001e4c35ce800 JavaThread "jar transforms Thread 2" [_thread_blocked, id=9796, stack(0x0000002f53100000,0x0000002f53200000)]
  0x000001e4c35d4800 JavaThread "jar transforms Thread 3" [_thread_blocked, id=4108, stack(0x0000002f52e00000,0x0000002f52f00000)]
  0x000001e4c1ec5000 JavaThread "jar transforms Thread 4" [_thread_blocked, id=9976, stack(0x0000002f55d00000,0x0000002f55e00000)]
  0x000001e4c1ec2800 JavaThread "Memory manager" [_thread_blocked, id=1768, stack(0x0000002f55e00000,0x0000002f55f00000)]
  0x000001e4c5b44800 JavaThread "RMI Scheduler(0)" daemon [_thread_blocked, id=9912, stack(0x0000002f56700000,0x0000002f56800000)]
  0x000001e4ca868000 JavaThread "RMI TCP Accept-0" daemon [_thread_in_native, id=8392, stack(0x0000002f56a00000,0x0000002f56b00000)]
  0x000001e4ca86d800 JavaThread "Cache worker for Java compile cache (C:\Users\BAGUS\.gradle\caches\7.3.3\javaCompile)" [_thread_blocked, id=10244, stack(0x0000002f56800000,0x0000002f56900000)]
  0x000001e4ca86f000 JavaThread "ForkJoinPool.commonPool-worker-5" daemon [_thread_blocked, id=1848, stack(0x0000002f57100000,0x0000002f57200000)]
  0x000001e4ca869800 JavaThread "Daemon Thread 6" [_thread_blocked, id=2664, stack(0x0000002f50300000,0x0000002f50400000)]
  0x000001e4ca866000 JavaThread "Handler for socket connection from /127.0.0.1:50846 to /127.0.0.1:53581" [_thread_in_native, id=11192, stack(0x0000002f50400000,0x0000002f50500000)]
  0x000001e4ca86b000 JavaThread "Cancel handler" [_thread_blocked, id=9868, stack(0x0000002f50500000,0x0000002f50600000)]
  0x000001e4ca868800 JavaThread "Daemon worker Thread 6" [_thread_blocked, id=7104, stack(0x0000002f51c00000,0x0000002f51d00000)]
  0x000001e4ca86a000 JavaThread "Asynchronous log dispatcher for DefaultDaemonConnection: socket connection from /127.0.0.1:50846 to /127.0.0.1:53581" [_thread_blocked, id=5568, stack(0x0000002f51d00000,0x0000002f51e00000)]
  0x000001e4ca867000 JavaThread "Stdin handler" [_thread_blocked, id=3956, stack(0x0000002f51e00000,0x0000002f51f00000)]
  0x000001e4ca871800 JavaThread "Daemon client event forwarder" [_thread_blocked, id=9696, stack(0x0000002f51f00000,0x0000002f52000000)]
  0x000001e4ca86c800 JavaThread "Cache worker for file hash cache (D:\Kursus\AppCalculator\.gradle\7.3.3\fileHashes)" [_thread_blocked, id=8252, stack(0x0000002f52000000,0x0000002f52100000)]
  0x000001e4ca871000 JavaThread "Cache worker for checksums cache (D:\Kursus\AppCalculator\.gradle\7.3.3\checksums)" [_thread_blocked, id=3388, stack(0x0000002f52100000,0x0000002f52200000)]
  0x000001e4ca873000 JavaThread "Cache worker for cache directory md-supplier (C:\Users\BAGUS\.gradle\caches\7.3.3\md-supplier)" [_thread_blocked, id=5420, stack(0x0000002f52300000,0x0000002f52400000)]
  0x000001e4ca870000 JavaThread "Cache worker for cache directory md-rule (C:\Users\BAGUS\.gradle\caches\7.3.3\md-rule)" [_thread_blocked, id=10172, stack(0x0000002f52700000,0x0000002f52800000)]
  0x000001e4ca874000 JavaThread "Cache worker for dependencies-accessors (D:\Kursus\AppCalculator\.gradle\7.3.3\dependencies-accessors)" [_thread_blocked, id=4652, stack(0x0000002f52800000,0x0000002f52900000)]
  0x000001e4ca86e800 JavaThread "Cache worker for Build Output Cleanup Cache (D:\Kursus\AppCalculator\.gradle\buildOutputCleanup)" [_thread_blocked, id=9324, stack(0x0000002f52b00000,0x0000002f52c00000)]
  0x000001e4c5b47000 JavaThread "Unconstrained build operations" [_thread_blocked, id=8644, stack(0x0000002f52c00000,0x0000002f52d00000)]
  0x000001e4c5b43000 JavaThread "Unconstrained build operations Thread 2" [_thread_blocked, id=10744, stack(0x0000002f53200000,0x0000002f53300000)]
  0x000001e4c5b45800 JavaThread "Unconstrained build operations Thread 3" [_thread_blocked, id=10296, stack(0x0000002f53300000,0x0000002f53400000)]
  0x000001e4c5b41800 JavaThread "Unconstrained build operations Thread 4" [_thread_blocked, id=5360, stack(0x0000002f53400000,0x0000002f53500000)]
  0x000001e4c5b46000 JavaThread "Unconstrained build operations Thread 5" [_thread_blocked, id=3120, stack(0x0000002f53500000,0x0000002f53600000)]
  0x000001e4c5b48000 JavaThread "Unconstrained build operations Thread 6" [_thread_blocked, id=7668, stack(0x0000002f53600000,0x0000002f53700000)]
  0x000001e4c5b43800 JavaThread "Unconstrained build operations Thread 7" [_thread_blocked, id=248, stack(0x0000002f53700000,0x0000002f53800000)]
  0x000001e4c5b42000 JavaThread "Unconstrained build operations Thread 8" [_thread_blocked, id=5768, stack(0x0000002f53800000,0x0000002f53900000)]
  0x000001e4c5b4c000 JavaThread "Unconstrained build operations Thread 9" [_thread_blocked, id=6068, stack(0x0000002f53900000,0x0000002f53a00000)]
  0x000001e4c5b4b000 JavaThread "Unconstrained build operations Thread 10" [_thread_blocked, id=9392, stack(0x0000002f53a00000,0x0000002f53b00000)]
  0x000001e4c5b49800 JavaThread "Unconstrained build operations Thread 11" [_thread_blocked, id=5700, stack(0x0000002f53b00000,0x0000002f53c00000)]
  0x000001e4c5b4c800 JavaThread "Unconstrained build operations Thread 12" [_thread_blocked, id=2004, stack(0x0000002f53c00000,0x0000002f53d00000)]
  0x000001e4c5b4a800 JavaThread "Unconstrained build operations Thread 13" [_thread_blocked, id=5216, stack(0x0000002f53d00000,0x0000002f53e00000)]
  0x000001e4c5b4d800 JavaThread "Unconstrained build operations Thread 14" [_thread_blocked, id=3752, stack(0x0000002f53e00000,0x0000002f53f00000)]
  0x000001e4c5b4e800 JavaThread "Unconstrained build operations Thread 15" [_thread_blocked, id=10976, stack(0x0000002f53f00000,0x0000002f54000000)]
  0x000001e4c5b48800 JavaThread "Unconstrained build operations Thread 16" [_thread_blocked, id=8932, stack(0x0000002f54000000,0x0000002f54100000)]
  0x000001e4c5b4f000 JavaThread "Unconstrained build operations Thread 17" [_thread_blocked, id=9332, stack(0x0000002f54100000,0x0000002f54200000)]
  0x000001e4c5b50000 JavaThread "Unconstrained build operations Thread 18" [_thread_blocked, id=10068, stack(0x0000002f54200000,0x0000002f54300000)]
  0x000001e4ca121800 JavaThread "Unconstrained build operations Thread 19" [_thread_blocked, id=1500, stack(0x0000002f54300000,0x0000002f54400000)]
  0x000001e4ca120800 JavaThread "Unconstrained build operations Thread 20" [_thread_blocked, id=9396, stack(0x0000002f54400000,0x0000002f54500000)]
  0x000001e4ca122800 JavaThread "Unconstrained build operations Thread 21" [_thread_blocked, id=1880, stack(0x0000002f54500000,0x0000002f54600000)]
  0x000001e4ca124800 JavaThread "Unconstrained build operations Thread 22" [_thread_blocked, id=4520, stack(0x0000002f54600000,0x0000002f54700000)]
  0x000001e4ca120000 JavaThread "Unconstrained build operations Thread 23" [_thread_blocked, id=9088, stack(0x0000002f54700000,0x0000002f54800000)]
  0x000001e4ca125800 JavaThread "Unconstrained build operations Thread 24" [_thread_in_native, id=6860, stack(0x0000002f54800000,0x0000002f54900000)]
  0x000001e4ca127000 JavaThread "Unconstrained build operations Thread 25" [_thread_blocked, id=1260, stack(0x0000002f54900000,0x0000002f54a00000)]
  0x000001e4ca128000 JavaThread "Unconstrained build operations Thread 26" [_thread_blocked, id=8, stack(0x0000002f54a00000,0x0000002f54b00000)]
  0x000001e4ca129000 JavaThread "Unconstrained build operations Thread 27" [_thread_blocked, id=5776, stack(0x0000002f54b00000,0x0000002f54c00000)]
  0x000001e4ca124000 JavaThread "Unconstrained build operations Thread 28" [_thread_blocked, id=2232, stack(0x0000002f54c00000,0x0000002f54d00000)]
  0x000001e4ca123000 JavaThread "Unconstrained build operations Thread 29" [_thread_blocked, id=2036, stack(0x0000002f54d00000,0x0000002f54e00000)]
  0x000001e4ca12c000 JavaThread "Unconstrained build operations Thread 30" [_thread_blocked, id=11048, stack(0x0000002f54e00000,0x0000002f54f00000)]
  0x000001e4ca12e800 JavaThread "Unconstrained build operations Thread 31" [_thread_blocked, id=9516, stack(0x0000002f54f00000,0x0000002f55000000)]
  0x000001e4ca12d000 JavaThread "Unconstrained build operations Thread 32" [_thread_blocked, id=8712, stack(0x0000002f55000000,0x0000002f55100000)]
  0x000001e4ca12d800 JavaThread "Unconstrained build operations Thread 33" [_thread_blocked, id=5952, stack(0x0000002f55100000,0x0000002f55200000)]
  0x000001e4ca129800 JavaThread "Unconstrained build operations Thread 34" [_thread_blocked, id=5472, stack(0x0000002f55200000,0x0000002f55300000)]
  0x000001e4ca12a800 JavaThread "Unconstrained build operations Thread 35" [_thread_blocked, id=9412, stack(0x0000002f55300000,0x0000002f55400000)]
  0x000001e4c1ebe000 JavaThread "Unconstrained build operations Thread 36" [_thread_blocked, id=9936, stack(0x0000002f55400000,0x0000002f55500000)]
  0x000001e4c1ebe800 JavaThread "Unconstrained build operations Thread 37" [_thread_in_native, id=10520, stack(0x0000002f55500000,0x0000002f55600000)]
  0x000001e4c1ebd000 JavaThread "Unconstrained build operations Thread 38" [_thread_blocked, id=11204, stack(0x0000002f55600000,0x0000002f55700000)]
  0x000001e4c1eb9000 JavaThread "Unconstrained build operations Thread 39" [_thread_blocked, id=3340, stack(0x0000002f55700000,0x0000002f55800000)]
  0x000001e4c1eb9800 JavaThread "Unconstrained build operations Thread 40" [_thread_blocked, id=10288, stack(0x0000002f55800000,0x0000002f55900000)]
  0x000001e4c1ec0800 JavaThread "build event listener" [_thread_blocked, id=11020, stack(0x0000002f55a00000,0x0000002f55b00000)]
  0x000001e4c1eba800 JavaThread "Execution worker for ':'" [_thread_in_native, id=9420, stack(0x0000002f55b00000,0x0000002f55c00000)]
  0x000001e4c1ec2000 JavaThread "Execution worker for ':' Thread 2" [_thread_blocked, id=1744, stack(0x0000002f55c00000,0x0000002f55d00000)]
  0x000001e4c1ec7000 JavaThread "Execution worker for ':' Thread 3" [_thread_blocked, id=9404, stack(0x0000002f55f00000,0x0000002f56000000)]
  0x000001e4c1ec6000 JavaThread "Cache worker for execution history cache (D:\Kursus\AppCalculator\.gradle\7.3.3\executionHistory)" [_thread_blocked, id=1112, stack(0x0000002f56000000,0x0000002f56100000)]
  0x000001e4c1ec4800 JavaThread "WorkerExecutor Queue" [_thread_blocked, id=7056, stack(0x0000002f55900000,0x0000002f55a00000)]
  0x000001e4c1ec1000 JavaThread "WorkerExecutor Queue Thread 2" [_thread_blocked, id=4000, stack(0x0000002f56200000,0x0000002f56300000)]
  0x000001e4c1ec7800 JavaThread "WorkerExecutor Queue Thread 3" [_thread_blocked, id=11240, stack(0x0000002f56300000,0x0000002f56400000)]
  0x000001e4c35c9000 JavaThread "WorkerExecutor Queue Thread 4" [_thread_blocked, id=8872, stack(0x0000002f56400000,0x0000002f56500000)]
  0x000001e4c35d0800 JavaThread "C2 CompilerThread1" daemon [_thread_in_native, id=2092, stack(0x0000002f56100000,0x0000002f56200000)]

Other Threads:
  0x000001e4bf4fa000 VMThread "VM Thread" [stack: 0x0000002f50c00000,0x0000002f50d00000] [id=6660]
  0x000001e4c0010000 WatcherThread [stack: 0x0000002f51600000,0x0000002f51700000] [id=9280]
  0x000001e4a5911800 GCTaskThread "GC Thread#0" [stack: 0x0000002f50700000,0x0000002f50800000] [id=10380]
  0x000001e4c0415800 GCTaskThread "GC Thread#1" [stack: 0x0000002f51800000,0x0000002f51900000] [id=11120]
  0x000001e4c080e000 GCTaskThread "GC Thread#2" [stack: 0x0000002f51900000,0x0000002f51a00000] [id=4544]
  0x000001e4c1e9c000 GCTaskThread "GC Thread#3" [stack: 0x0000002f52400000,0x0000002f52500000] [id=2612]
  0x000001e4a5945000 ConcurrentGCThread "G1 Main Marker" [stack: 0x0000002f50800000,0x0000002f50900000] [id=2464]
  0x000001e4a5946800 ConcurrentGCThread "G1 Conc#0" [stack: 0x0000002f50900000,0x0000002f50a00000] [id=9160]
  0x000001e4a59d9000 ConcurrentGCThread "G1 Refine#0" [stack: 0x0000002f50a00000,0x0000002f50b00000] [id=7796]
  0x000001e4a59da000 ConcurrentGCThread "G1 Young RemSet Sampling" [stack: 0x0000002f50b00000,0x0000002f50c00000] [id=9620]

Threads with active compile tasks:
C2 CompilerThread019578365 30130       4       sun.reflect.generics.parser.SignatureParser::parseClassTypeSignature (118 bytes)
C2 CompilerThread119578365 30128       4       sun.reflect.generics.parser.SignatureParser::parsePackageNameAndSimpleClassTypeSignature (119 bytes)

VM state:not at safepoint (normal execution)

VM Mutex/Monitor currently owned by a thread: None

Heap address: 0x0000000080000000, size: 2048 MB, Compressed Oops mode: 32-bit
Narrow klass base: 0x0000000000000000, Narrow klass shift: 3
Compressed class space size: 1073741824 Address: 0x0000000100000000

Heap:
 garbage-first heap   total 273408K, used 185339K [0x0000000080000000, 0x0000000100000000)
  region size 1024K, 29 young (29696K), 1 survivors (1024K)
 Metaspace       used 162421K, capacity 166621K, committed 167724K, reserved 1196032K
  class space    used 19969K, capacity 21570K, committed 21888K, reserved 1048576K
Heap Regions: E=young(eden), S=young(survivor), O=old, HS=humongous(starts), HC=humongous(continues), CS=collection set, F=free, A=archive, TAMS=top-at-mark-start (previous, next)
|   0|0x0000000080000000, 0x0000000080100000, 0x0000000080100000|100%|HS|  |TAMS 0x0000000080100000, 0x0000000080000000| Complete 
|   1|0x0000000080100000, 0x0000000080200000, 0x0000000080200000|100%| O|  |TAMS 0x0000000080200000, 0x0000000080100000| Untracked 
|   2|0x0000000080200000, 0x0000000080300000, 0x0000000080300000|100%| O|  |TAMS 0x0000000080300000, 0x0000000080200000| Untracked 
|   3|0x0000000080300000, 0x0000000080400000, 0x0000000080400000|100%|HS|  |TAMS 0x0000000080400000, 0x0000000080300000| Complete 
|   4|0x0000000080400000, 0x0000000080500000, 0x0000000080500000|100%|HC|  |TAMS 0x0000000080500000, 0x0000000080400000| Complete 
|   5|0x0000000080500000, 0x0000000080600000, 0x0000000080600000|100%|HC|  |TAMS 0x0000000080600000, 0x0000000080500000| Complete 
|   6|0x0000000080600000, 0x0000000080600000, 0x0000000080700000|  0%| F|  |TAMS 0x0000000080600000, 0x0000000080600000| Untracked 
|   7|0x0000000080700000, 0x0000000080800000, 0x0000000080800000|100%| O|  |TAMS 0x0000000080800000, 0x0000000080700000| Untracked 
|   8|0x0000000080800000, 0x0000000080900000, 0x0000000080900000|100%| O|  |TAMS 0x0000000080900000, 0x0000000080800000| Untracked 
|   9|0x0000000080900000, 0x0000000080a00000, 0x0000000080a00000|100%| O|  |TAMS 0x0000000080a00000, 0x0000000080900000| Untracked 
|  10|0x0000000080a00000, 0x0000000080b00000, 0x0000000080b00000|100%| O|  |TAMS 0x0000000080b00000, 0x0000000080a00000| Untracked 
|  11|0x0000000080b00000, 0x0000000080c00000, 0x0000000080c00000|100%| O|  |TAMS 0x0000000080c00000, 0x0000000080b00000| Untracked 
|  12|0x0000000080c00000, 0x0000000080d00000, 0x0000000080d00000|100%| O|  |TAMS 0x0000000080d00000, 0x0000000080c00000| Untracked 
|  13|0x0000000080d00000, 0x0000000080e00000, 0x0000000080e00000|100%| O|  |TAMS 0x0000000080e00000, 0x0000000080d00000| Untracked 
|  14|0x0000000080e00000, 0x0000000080f00000, 0x0000000080f00000|100%| O|  |TAMS 0x0000000080f00000, 0x0000000080e00000| Untracked 
|  15|0x0000000080f00000, 0x0000000081000000, 0x0000000081000000|100%| O|  |TAMS 0x0000000081000000, 0x0000000080f00000| Untracked 
|  16|0x0000000081000000, 0x0000000081100000, 0x0000000081100000|100%| O|  |TAMS 0x0000000081100000, 0x0000000081000000| Untracked 
|  17|0x0000000081100000, 0x0000000081200000, 0x0000000081200000|100%| O|  |TAMS 0x0000000081200000, 0x0000000081100000| Untracked 
|  18|0x0000000081200000, 0x0000000081300000, 0x0000000081300000|100%| O|  |TAMS 0x0000000081300000, 0x0000000081200000| Untracked 
|  19|0x0000000081300000, 0x0000000081400000, 0x0000000081400000|100%| O|  |TAMS 0x0000000081400000, 0x0000000081300000| Untracked 
|  20|0x0000000081400000, 0x0000000081500000, 0x0000000081500000|100%| O|  |TAMS 0x0000000081500000, 0x0000000081400000| Untracked 
|  21|0x0000000081500000, 0x0000000081600000, 0x0000000081600000|100%| O|  |TAMS 0x0000000081600000, 0x0000000081500000| Untracked 
|  22|0x0000000081600000, 0x0000000081700000, 0x0000000081700000|100%| O|  |TAMS 0x0000000081700000, 0x0000000081600000| Untracked 
|  23|0x0000000081700000, 0x0000000081800000, 0x0000000081800000|100%| O|  |TAMS 0x0000000081800000, 0x0000000081700000| Untracked 
|  24|0x0000000081800000, 0x0000000081900000, 0x0000000081900000|100%| O|  |TAMS 0x0000000081900000, 0x0000000081800000| Untracked 
|  25|0x0000000081900000, 0x0000000081a00000, 0x0000000081a00000|100%| O|  |TAMS 0x0000000081a00000, 0x0000000081900000| Untracked 
|  26|0x0000000081a00000, 0x0000000081b00000, 0x0000000081b00000|100%| O|  |TAMS 0x0000000081b00000, 0x0000000081a00000| Untracked 
|  27|0x0000000081b00000, 0x0000000081c00000, 0x0000000081c00000|100%| O|  |TAMS 0x0000000081c00000, 0x0000000081b00000| Untracked 
|  28|0x0000000081c00000, 0x0000000081c00000, 0x0000000081d00000|  0%| F|  |TAMS 0x0000000081c00000, 0x0000000081c00000| Untracked 
|  29|0x0000000081d00000, 0x0000000081e00000, 0x0000000081e00000|100%|HS|  |TAMS 0x0000000081e00000, 0x0000000081d00000| Complete 
|  30|0x0000000081e00000, 0x0000000081f00000, 0x0000000081f00000|100%|HS|  |TAMS 0x0000000081f00000, 0x0000000081e00000| Complete 
|  31|0x0000000081f00000, 0x0000000082000000, 0x0000000082000000|100%|HS|  |TAMS 0x0000000082000000, 0x0000000081f00000| Complete 
|  32|0x0000000082000000, 0x0000000082100000, 0x0000000082100000|100%|HC|  |TAMS 0x0000000082100000, 0x0000000082000000| Complete 
|  33|0x0000000082100000, 0x0000000082200000, 0x0000000082200000|100%|HC|  |TAMS 0x0000000082200000, 0x0000000082100000| Complete 
|  34|0x0000000082200000, 0x0000000082300000, 0x0000000082300000|100%|HS|  |TAMS 0x0000000082300000, 0x0000000082200000| Complete 
|  35|0x0000000082300000, 0x0000000082400000, 0x0000000082400000|100%|HC|  |TAMS 0x0000000082400000, 0x0000000082300000| Complete 
|  36|0x0000000082400000, 0x0000000082400000, 0x0000000082500000|  0%| F|  |TAMS 0x0000000082400000, 0x0000000082400000| Untracked 
|  37|0x0000000082500000, 0x0000000082500000, 0x0000000082600000|  0%| F|  |TAMS 0x0000000082500000, 0x0000000082500000| Untracked 
|  38|0x0000000082600000, 0x0000000082700000, 0x0000000082700000|100%| O|  |TAMS 0x0000000082700000, 0x0000000082600000| Untracked 
|  39|0x0000000082700000, 0x0000000082800000, 0x0000000082800000|100%| O|  |TAMS 0x0000000082800000, 0x0000000082700000| Untracked 
|  40|0x0000000082800000, 0x0000000082800000, 0x0000000082900000|  0%| F|  |TAMS 0x0000000082800000, 0x0000000082800000| Untracked 
|  41|0x0000000082900000, 0x0000000082a00000, 0x0000000082a00000|100%| O|  |TAMS 0x0000000082a00000, 0x0000000082900000| Untracked 
|  42|0x0000000082a00000, 0x0000000082b00000, 0x0000000082b00000|100%| O|  |TAMS 0x0000000082b00000, 0x0000000082a00000| Untracked 
|  43|0x0000000082b00000, 0x0000000082c00000, 0x0000000082c00000|100%| O|  |TAMS 0x0000000082c00000, 0x0000000082b00000| Untracked 
|  44|0x0000000082c00000, 0x0000000082d00000, 0x0000000082d00000|100%| O|  |TAMS 0x0000000082d00000, 0x0000000082c00000| Untracked 
|  45|0x0000000082d00000, 0x0000000082e00000, 0x0000000082e00000|100%| O|  |TAMS 0x0000000082e00000, 0x0000000082d00000| Untracked 
|  46|0x0000000082e00000, 0x0000000082f00000, 0x0000000082f00000|100%| O|  |TAMS 0x0000000082f00000, 0x0000000082e00000| Untracked 
|  47|0x0000000082f00000, 0x0000000083000000, 0x0000000083000000|100%| O|  |TAMS 0x0000000083000000, 0x0000000082f00000| Untracked 
|  48|0x0000000083000000, 0x0000000083100000, 0x0000000083100000|100%| O|  |TAMS 0x0000000083100000, 0x0000000083000000| Untracked 
|  49|0x0000000083100000, 0x0000000083200000, 0x0000000083200000|100%| O|  |TAMS 0x00000000831a6600, 0x0000000083100000| Untracked 
|  50|0x0000000083200000, 0x0000000083300000, 0x0000000083300000|100%| O|  |TAMS 0x0000000083300000, 0x0000000083200000| Untracked 
|  51|0x0000000083300000, 0x0000000083400000, 0x0000000083400000|100%| O|  |TAMS 0x0000000083400000, 0x0000000083300000| Untracked 
|  52|0x0000000083400000, 0x0000000083500000, 0x0000000083500000|100%| O|  |TAMS 0x0000000083500000, 0x0000000083400000| Untracked 
|  53|0x0000000083500000, 0x0000000083600000, 0x0000000083600000|100%| O|  |TAMS 0x0000000083500000, 0x0000000083500000| Untracked 
|  54|0x0000000083600000, 0x0000000083700000, 0x0000000083700000|100%| O|  |TAMS 0x0000000083700000, 0x0000000083600000| Untracked 
|  55|0x0000000083700000, 0x0000000083800000, 0x0000000083800000|100%| O|  |TAMS 0x0000000083800000, 0x0000000083700000| Untracked 
|  56|0x0000000083800000, 0x0000000083800000, 0x0000000083900000|  0%| F|  |TAMS 0x0000000083800000, 0x0000000083800000| Untracked 
|  57|0x0000000083900000, 0x0000000083a00000, 0x0000000083a00000|100%| O|  |TAMS 0x0000000083a00000, 0x0000000083900000| Untracked 
|  58|0x0000000083a00000, 0x0000000083b00000, 0x0000000083b00000|100%| O|  |TAMS 0x0000000083a00000, 0x0000000083a00000| Untracked 
|  59|0x0000000083b00000, 0x0000000083c00000, 0x0000000083c00000|100%| O|  |TAMS 0x0000000083c00000, 0x0000000083b00000| Untracked 
|  60|0x0000000083c00000, 0x0000000083d00000, 0x0000000083d00000|100%| O|  |TAMS 0x0000000083d00000, 0x0000000083c00000| Untracked 
|  61|0x0000000083d00000, 0x0000000083e00000, 0x0000000083e00000|100%| O|  |TAMS 0x0000000083e00000, 0x0000000083d00000| Untracked 
|  62|0x0000000083e00000, 0x0000000083f00000, 0x0000000083f00000|100%| O|  |TAMS 0x0000000083f00000, 0x0000000083e00000| Untracked 
|  63|0x0000000083f00000, 0x0000000084000000, 0x0000000084000000|100%| O|  |TAMS 0x0000000084000000, 0x0000000083f00000| Untracked 
|  64|0x0000000084000000, 0x0000000084000000, 0x0000000084100000|  0%| F|  |TAMS 0x0000000084000000, 0x0000000084000000| Untracked 
|  65|0x0000000084100000, 0x0000000084200000, 0x0000000084200000|100%| O|  |TAMS 0x0000000084200000, 0x0000000084100000| Untracked 
|  66|0x0000000084200000, 0x0000000084300000, 0x0000000084300000|100%| O|  |TAMS 0x0000000084300000, 0x0000000084200000| Untracked 
|  67|0x0000000084300000, 0x0000000084400000, 0x0000000084400000|100%| O|  |TAMS 0x0000000084400000, 0x0000000084300000| Untracked 
|  68|0x0000000084400000, 0x0000000084500000, 0x0000000084500000|100%| O|  |TAMS 0x0000000084500000, 0x0000000084400000| Untracked 
|  69|0x0000000084500000, 0x0000000084600000, 0x0000000084600000|100%| O|  |TAMS 0x0000000084600000, 0x0000000084500000| Untracked 
|  70|0x0000000084600000, 0x0000000084700000, 0x0000000084700000|100%| O|  |TAMS 0x0000000084700000, 0x0000000084600000| Untracked 
|  71|0x0000000084700000, 0x0000000084800000, 0x0000000084800000|100%| O|  |TAMS 0x0000000084800000, 0x0000000084700000| Untracked 
|  72|0x0000000084800000, 0x0000000084900000, 0x0000000084900000|100%| O|  |TAMS 0x0000000084900000, 0x0000000084800000| Untracked 
|  73|0x0000000084900000, 0x0000000084a00000, 0x0000000084a00000|100%| O|  |TAMS 0x0000000084a00000, 0x0000000084900000| Untracked 
|  74|0x0000000084a00000, 0x0000000084a00000, 0x0000000084b00000|  0%| F|  |TAMS 0x0000000084a00000, 0x0000000084a00000| Untracked 
|  75|0x0000000084b00000, 0x0000000084c00000, 0x0000000084c00000|100%| O|  |TAMS 0x0000000084c00000, 0x0000000084b00000| Untracked 
|  76|0x0000000084c00000, 0x0000000084d00000, 0x0000000084d00000|100%| O|  |TAMS 0x0000000084c00000, 0x0000000084c00000| Untracked 
|  77|0x0000000084d00000, 0x0000000084e00000, 0x0000000084e00000|100%| O|  |TAMS 0x0000000084e00000, 0x0000000084d00000| Untracked 
|  78|0x0000000084e00000, 0x0000000084f00000, 0x0000000084f00000|100%|HS|  |TAMS 0x0000000084f00000, 0x0000000084e00000| Complete 
|  79|0x0000000084f00000, 0x0000000085000000, 0x0000000085000000|100%|HC|  |TAMS 0x0000000085000000, 0x0000000084f00000| Complete 
|  80|0x0000000085000000, 0x0000000085100000, 0x0000000085100000|100%|HS|  |TAMS 0x0000000085100000, 0x0000000085000000| Complete 
|  81|0x0000000085100000, 0x0000000085200000, 0x0000000085200000|100%| O|  |TAMS 0x0000000085200000, 0x0000000085100000| Untracked 
|  82|0x0000000085200000, 0x0000000085300000, 0x0000000085300000|100%|HS|  |TAMS 0x0000000085300000, 0x0000000085200000| Complete 
|  83|0x0000000085300000, 0x0000000085400000, 0x0000000085400000|100%|HC|  |TAMS 0x0000000085400000, 0x0000000085300000| Complete 
|  84|0x0000000085400000, 0x0000000085500000, 0x0000000085500000|100%|HS|  |TAMS 0x0000000085500000, 0x0000000085400000| Complete 
|  85|0x0000000085500000, 0x0000000085600000, 0x0000000085600000|100%|HC|  |TAMS 0x0000000085600000, 0x0000000085500000| Complete 
|  86|0x0000000085600000, 0x0000000085700000, 0x0000000085700000|100%|HC|  |TAMS 0x0000000085700000, 0x0000000085600000| Complete 
|  87|0x0000000085700000, 0x0000000085800000, 0x0000000085800000|100%|HS|  |TAMS 0x0000000085800000, 0x0000000085700000| Complete 
|  88|0x0000000085800000, 0x0000000085900000, 0x0000000085900000|100%|HS|  |TAMS 0x0000000085900000, 0x0000000085800000| Complete 
|  89|0x0000000085900000, 0x0000000085a00000, 0x0000000085a00000|100%|HC|  |TAMS 0x0000000085a00000, 0x0000000085900000| Complete 
|  90|0x0000000085a00000, 0x0000000085b00000, 0x0000000085b00000|100%|HC|  |TAMS 0x0000000085b00000, 0x0000000085a00000| Complete 
|  91|0x0000000085b00000, 0x0000000085c00000, 0x0000000085c00000|100%|HC|  |TAMS 0x0000000085c00000, 0x0000000085b00000| Complete 
|  92|0x0000000085c00000, 0x0000000085d00000, 0x0000000085d00000|100%| O|  |TAMS 0x0000000085d00000, 0x0000000085c00000| Untracked 
|  93|0x0000000085d00000, 0x0000000085d00000, 0x0000000085e00000|  0%| F|  |TAMS 0x0000000085d00000, 0x0000000085d00000| Untracked 
|  94|0x0000000085e00000, 0x0000000085f00000, 0x0000000085f00000|100%|HS|  |TAMS 0x0000000085f00000, 0x0000000085e00000| Complete 
|  95|0x0000000085f00000, 0x0000000086000000, 0x0000000086000000|100%|HC|  |TAMS 0x0000000086000000, 0x0000000085f00000| Complete 
|  96|0x0000000086000000, 0x0000000086100000, 0x0000000086100000|100%|HC|  |TAMS 0x0000000086100000, 0x0000000086000000| Complete 
|  97|0x0000000086100000, 0x0000000086200000, 0x0000000086200000|100%|HS|  |TAMS 0x0000000086200000, 0x0000000086100000| Complete 
|  98|0x0000000086200000, 0x0000000086300000, 0x0000000086300000|100%| O|  |TAMS 0x0000000086300000, 0x0000000086200000| Untracked 
|  99|0x0000000086300000, 0x0000000086400000, 0x0000000086400000|100%| O|  |TAMS 0x0000000086400000, 0x0000000086300000| Untracked 
| 100|0x0000000086400000, 0x0000000086500000, 0x0000000086500000|100%| O|  |TAMS 0x0000000086500000, 0x0000000086400000| Untracked 
| 101|0x0000000086500000, 0x0000000086600000, 0x0000000086600000|100%| O|  |TAMS 0x0000000086600000, 0x0000000086500000| Untracked 
| 102|0x0000000086600000, 0x0000000086700000, 0x0000000086700000|100%| O|  |TAMS 0x0000000086700000, 0x0000000086600000| Untracked 
| 103|0x0000000086700000, 0x0000000086800000, 0x0000000086800000|100%| O|  |TAMS 0x0000000086800000, 0x0000000086700000| Untracked 
| 104|0x0000000086800000, 0x0000000086900000, 0x0000000086900000|100%| O|  |TAMS 0x0000000086900000, 0x0000000086800000| Untracked 
| 105|0x0000000086900000, 0x0000000086900000, 0x0000000086a00000|  0%| F|  |TAMS 0x0000000086900000, 0x0000000086900000| Untracked 
| 106|0x0000000086a00000, 0x0000000086b00000, 0x0000000086b00000|100%| O|  |TAMS 0x0000000086b00000, 0x0000000086a00000| Untracked 
| 107|0x0000000086b00000, 0x0000000086c00000, 0x0000000086c00000|100%| O|  |TAMS 0x0000000086c00000, 0x0000000086b00000| Untracked 
| 108|0x0000000086c00000, 0x0000000086d00000, 0x0000000086d00000|100%|HS|  |TAMS 0x0000000086d00000, 0x0000000086c00000| Complete 
| 109|0x0000000086d00000, 0x0000000086e00000, 0x0000000086e00000|100%|HC|  |TAMS 0x0000000086e00000, 0x0000000086d00000| Complete 
| 110|0x0000000086e00000, 0x0000000086f00000, 0x0000000086f00000|100%|HC|  |TAMS 0x0000000086f00000, 0x0000000086e00000| Complete 
| 111|0x0000000086f00000, 0x0000000087000000, 0x0000000087000000|100%|HC|  |TAMS 0x0000000087000000, 0x0000000086f00000| Complete 
| 112|0x0000000087000000, 0x0000000087100000, 0x0000000087100000|100%|HS|  |TAMS 0x0000000087100000, 0x0000000087000000| Complete 
| 113|0x0000000087100000, 0x0000000087200000, 0x0000000087200000|100%|HC|  |TAMS 0x0000000087200000, 0x0000000087100000| Complete 
| 114|0x0000000087200000, 0x0000000087300000, 0x0000000087300000|100%|HC|  |TAMS 0x0000000087300000, 0x0000000087200000| Complete 
| 115|0x0000000087300000, 0x0000000087400000, 0x0000000087400000|100%|HS|  |TAMS 0x0000000087400000, 0x0000000087300000| Complete 
| 116|0x0000000087400000, 0x0000000087500000, 0x0000000087500000|100%|HC|  |TAMS 0x0000000087500000, 0x0000000087400000| Complete 
| 117|0x0000000087500000, 0x0000000087600000, 0x0000000087600000|100%|HC|  |TAMS 0x0000000087600000, 0x0000000087500000| Complete 
| 118|0x0000000087600000, 0x0000000087700000, 0x0000000087700000|100%|HC|  |TAMS 0x0000000087700000, 0x0000000087600000| Complete 
| 119|0x0000000087700000, 0x0000000087800000, 0x0000000087800000|100%| O|  |TAMS 0x0000000087800000, 0x0000000087700000| Untracked 
| 120|0x0000000087800000, 0x0000000087900000, 0x0000000087900000|100%| O|  |TAMS 0x0000000087900000, 0x0000000087800000| Untracked 
| 121|0x0000000087900000, 0x0000000087a00000, 0x0000000087a00000|100%| O|  |TAMS 0x0000000087a00000, 0x0000000087900000| Untracked 
| 122|0x0000000087a00000, 0x0000000087b00000, 0x0000000087b00000|100%| O|  |TAMS 0x0000000087b00000, 0x0000000087a00000| Untracked 
| 123|0x0000000087b00000, 0x0000000087c00000, 0x0000000087c00000|100%| O|  |TAMS 0x0000000087b00000, 0x0000000087b00000| Untracked 
| 124|0x0000000087c00000, 0x0000000087d00000, 0x0000000087d00000|100%| O|  |TAMS 0x0000000087d00000, 0x0000000087c00000| Untracked 
| 125|0x0000000087d00000, 0x0000000087e00000, 0x0000000087e00000|100%| O|  |TAMS 0x0000000087e00000, 0x0000000087d00000| Untracked 
| 126|0x0000000087e00000, 0x0000000087f00000, 0x0000000087f00000|100%| O|  |TAMS 0x0000000087f00000, 0x0000000087e00000| Untracked 
| 127|0x0000000087f00000, 0x0000000088000000, 0x0000000088000000|100%| O|  |TAMS 0x0000000087f00000, 0x0000000087f00000| Untracked 
| 128|0x0000000088000000, 0x0000000088100000, 0x0000000088100000|100%| O|  |TAMS 0x0000000088100000, 0x0000000088000000| Untracked 
| 129|0x0000000088100000, 0x0000000088200000, 0x0000000088200000|100%| O|  |TAMS 0x0000000088200000, 0x0000000088100000| Untracked 
| 130|0x0000000088200000, 0x0000000088300000, 0x0000000088300000|100%| O|  |TAMS 0x0000000088200000, 0x0000000088200000| Untracked 
| 131|0x0000000088300000, 0x0000000088400000, 0x0000000088400000|100%| O|  |TAMS 0x0000000088400000, 0x0000000088300000| Untracked 
| 132|0x0000000088400000, 0x0000000088500000, 0x0000000088500000|100%| O|  |TAMS 0x0000000088500000, 0x0000000088400000| Untracked 
| 133|0x0000000088500000, 0x0000000088600000, 0x0000000088600000|100%| O|  |TAMS 0x0000000088600000, 0x0000000088500000| Untracked 
| 134|0x0000000088600000, 0x0000000088700000, 0x0000000088700000|100%| O|  |TAMS 0x0000000088600000, 0x0000000088600000| Untracked 
| 135|0x0000000088700000, 0x0000000088800000, 0x0000000088800000|100%| O|  |TAMS 0x0000000088800000, 0x0000000088700000| Untracked 
| 136|0x0000000088800000, 0x0000000088900000, 0x0000000088900000|100%| O|  |TAMS 0x0000000088900000, 0x0000000088800000| Untracked 
| 137|0x0000000088900000, 0x0000000088a00000, 0x0000000088a00000|100%| O|  |TAMS 0x0000000088a00000, 0x0000000088900000| Untracked 
| 138|0x0000000088a00000, 0x0000000088b00000, 0x0000000088b00000|100%| O|  |TAMS 0x0000000088a00000, 0x0000000088a00000| Untracked 
| 139|0x0000000088b00000, 0x0000000088c00000, 0x0000000088c00000|100%| O|  |TAMS 0x0000000088c00000, 0x0000000088b00000| Untracked 
| 140|0x0000000088c00000, 0x0000000088d00000, 0x0000000088d00000|100%| O|  |TAMS 0x0000000088d00000, 0x0000000088c00000| Untracked 
| 141|0x0000000088d00000, 0x0000000088e00000, 0x0000000088e00000|100%| O|  |TAMS 0x0000000088e00000, 0x0000000088d00000| Untracked 
| 142|0x0000000088e00000, 0x0000000088f00000, 0x0000000088f00000|100%| O|  |TAMS 0x0000000088f00000, 0x0000000088e00000| Untracked 
| 143|0x0000000088f00000, 0x0000000089000000, 0x0000000089000000|100%| O|  |TAMS 0x0000000089000000, 0x0000000088f00000| Untracked 
| 144|0x0000000089000000, 0x0000000089100000, 0x0000000089100000|100%| O|  |TAMS 0x0000000089100000, 0x0000000089000000| Untracked 
| 145|0x0000000089100000, 0x0000000089200000, 0x0000000089200000|100%| O|  |TAMS 0x0000000089200000, 0x0000000089100000| Untracked 
| 146|0x0000000089200000, 0x0000000089200000, 0x0000000089300000|  0%| F|  |TAMS 0x0000000089200000, 0x0000000089200000| Untracked 
| 147|0x0000000089300000, 0x0000000089400000, 0x0000000089400000|100%| O|  |TAMS 0x0000000089300000, 0x0000000089300000| Untracked 
| 148|0x0000000089400000, 0x0000000089500000, 0x0000000089500000|100%| O|  |TAMS 0x0000000089400000, 0x0000000089400000| Untracked 
| 149|0x0000000089500000, 0x0000000089600000, 0x0000000089600000|100%| O|  |TAMS 0x0000000089500000, 0x0000000089500000| Untracked 
| 150|0x0000000089600000, 0x0000000089700000, 0x0000000089700000|100%| O|  |TAMS 0x0000000089600000, 0x0000000089600000| Untracked 
| 151|0x0000000089700000, 0x0000000089700000, 0x0000000089800000|  0%| F|  |TAMS 0x0000000089700000, 0x0000000089700000| Untracked 
| 152|0x0000000089800000, 0x0000000089900000, 0x0000000089900000|100%| O|  |TAMS 0x0000000089900000, 0x0000000089800000| Untracked 
| 153|0x0000000089900000, 0x0000000089900000, 0x0000000089a00000|  0%| F|  |TAMS 0x0000000089900000, 0x0000000089900000| Untracked 
| 154|0x0000000089a00000, 0x0000000089a00000, 0x0000000089b00000|  0%| F|  |TAMS 0x0000000089a00000, 0x0000000089a00000| Untracked 
| 155|0x0000000089b00000, 0x0000000089b00000, 0x0000000089c00000|  0%| F|  |TAMS 0x0000000089b00000, 0x0000000089b00000| Untracked 
| 156|0x0000000089c00000, 0x0000000089c62a00, 0x0000000089d00000| 38%| O|  |TAMS 0x0000000089c00000, 0x0000000089c00000| Untracked 
| 157|0x0000000089d00000, 0x0000000089d00000, 0x0000000089e00000|  0%| F|  |TAMS 0x0000000089d00000, 0x0000000089d00000| Untracked 
| 158|0x0000000089e00000, 0x0000000089e00000, 0x0000000089f00000|  0%| F|  |TAMS 0x0000000089e00000, 0x0000000089e00000| Untracked 
| 159|0x0000000089f00000, 0x0000000089f00000, 0x000000008a000000|  0%| F|  |TAMS 0x0000000089f00000, 0x0000000089f00000| Untracked 
| 160|0x000000008a000000, 0x000000008a000000, 0x000000008a100000|  0%| F|  |TAMS 0x000000008a000000, 0x000000008a000000| Untracked 
| 161|0x000000008a100000, 0x000000008a200000, 0x000000008a200000|100%| O|  |TAMS 0x000000008a200000, 0x000000008a100000| Untracked 
| 162|0x000000008a200000, 0x000000008a300000, 0x000000008a300000|100%| O|  |TAMS 0x000000008a300000, 0x000000008a200000| Untracked 
| 163|0x000000008a300000, 0x000000008a400000, 0x000000008a400000|100%| O|  |TAMS 0x000000008a400000, 0x000000008a300000| Untracked 
| 164|0x000000008a400000, 0x000000008a500000, 0x000000008a500000|100%| O|  |TAMS 0x000000008a500000, 0x000000008a400000| Untracked 
| 165|0x000000008a500000, 0x000000008a600000, 0x000000008a600000|100%| O|  |TAMS 0x000000008a600000, 0x000000008a500000| Untracked 
| 166|0x000000008a600000, 0x000000008a600000, 0x000000008a700000|  0%| F|  |TAMS 0x000000008a600000, 0x000000008a600000| Untracked 
| 167|0x000000008a700000, 0x000000008a700000, 0x000000008a800000|  0%| F|  |TAMS 0x000000008a700000, 0x000000008a700000| Untracked 
| 168|0x000000008a800000, 0x000000008a900000, 0x000000008a900000|100%| O|  |TAMS 0x000000008a900000, 0x000000008a800000| Untracked 
| 169|0x000000008a900000, 0x000000008a900000, 0x000000008aa00000|  0%| F|  |TAMS 0x000000008a900000, 0x000000008a900000| Untracked 
| 170|0x000000008aa00000, 0x000000008ab00000, 0x000000008ab00000|100%| O|  |TAMS 0x000000008ab00000, 0x000000008aa00000| Untracked 
| 171|0x000000008ab00000, 0x000000008ac00000, 0x000000008ac00000|100%| O|  |TAMS 0x000000008ac00000, 0x000000008ab00000| Untracked 
| 172|0x000000008ac00000, 0x000000008ac00000, 0x000000008ad00000|  0%| F|  |TAMS 0x000000008ac00000, 0x000000008ac00000| Untracked 
| 173|0x000000008ad00000, 0x000000008ad00000, 0x000000008ae00000|  0%| F|  |TAMS 0x000000008ad00000, 0x000000008ad00000| Untracked 
| 174|0x000000008ae00000, 0x000000008ae00000, 0x000000008af00000|  0%| F|  |TAMS 0x000000008ae00000, 0x000000008ae00000| Untracked 
| 175|0x000000008af00000, 0x000000008b000000, 0x000000008b000000|100%| O|  |TAMS 0x000000008b000000, 0x000000008af00000| Untracked 
| 176|0x000000008b000000, 0x000000008b100000, 0x000000008b100000|100%| O|  |TAMS 0x000000008b100000, 0x000000008b000000| Untracked 
| 177|0x000000008b100000, 0x000000008b100000, 0x000000008b200000|  0%| F|  |TAMS 0x000000008b100000, 0x000000008b100000| Untracked 
| 178|0x000000008b200000, 0x000000008b200000, 0x000000008b300000|  0%| F|  |TAMS 0x000000008b200000, 0x000000008b200000| Untracked 
| 179|0x000000008b300000, 0x000000008b300000, 0x000000008b400000|  0%| F|  |TAMS 0x000000008b300000, 0x000000008b300000| Untracked 
| 180|0x000000008b400000, 0x000000008b400000, 0x000000008b500000|  0%| F|  |TAMS 0x000000008b400000, 0x000000008b400000| Untracked 
| 181|0x000000008b500000, 0x000000008b500000, 0x000000008b600000|  0%| F|  |TAMS 0x000000008b500000, 0x000000008b500000| Untracked 
| 182|0x000000008b600000, 0x000000008b600000, 0x000000008b700000|  0%| F|  |TAMS 0x000000008b600000, 0x000000008b600000| Untracked 
| 183|0x000000008b700000, 0x000000008b700000, 0x000000008b800000|  0%| F|  |TAMS 0x000000008b700000, 0x000000008b700000| Untracked 
| 184|0x000000008b800000, 0x000000008b800000, 0x000000008b900000|  0%| F|  |TAMS 0x000000008b800000, 0x000000008b800000| Untracked 
| 185|0x000000008b900000, 0x000000008b900000, 0x000000008ba00000|  0%| F|  |TAMS 0x000000008b900000, 0x000000008b900000| Untracked 
| 186|0x000000008ba00000, 0x000000008ba00000, 0x000000008bb00000|  0%| F|  |TAMS 0x000000008ba00000, 0x000000008ba00000| Untracked 
| 187|0x000000008bb00000, 0x000000008bb00000, 0x000000008bc00000|  0%| F|  |TAMS 0x000000008bb00000, 0x000000008bb00000| Untracked 
| 188|0x000000008bc00000, 0x000000008bc00000, 0x000000008bd00000|  0%| F|  |TAMS 0x000000008bc00000, 0x000000008bc00000| Untracked 
| 189|0x000000008bd00000, 0x000000008bd00000, 0x000000008be00000|  0%| F|  |TAMS 0x000000008bd00000, 0x000000008bd00000| Untracked 
| 190|0x000000008be00000, 0x000000008be00000, 0x000000008bf00000|  0%| F|  |TAMS 0x000000008be00000, 0x000000008be00000| Untracked 
| 191|0x000000008bf00000, 0x000000008bf00000, 0x000000008c000000|  0%| F|  |TAMS 0x000000008bf00000, 0x000000008bf00000| Untracked 
| 192|0x000000008c000000, 0x000000008c100000, 0x000000008c100000|100%| O|  |TAMS 0x000000008c100000, 0x000000008c000000| Untracked 
| 193|0x000000008c100000, 0x000000008c200000, 0x000000008c200000|100%| O|  |TAMS 0x000000008c200000, 0x000000008c100000| Untracked 
| 194|0x000000008c200000, 0x000000008c200000, 0x000000008c300000|  0%| F|  |TAMS 0x000000008c200000, 0x000000008c200000| Untracked 
| 195|0x000000008c300000, 0x000000008c300000, 0x000000008c400000|  0%| F|  |TAMS 0x000000008c300000, 0x000000008c300000| Untracked 
| 196|0x000000008c400000, 0x000000008c400000, 0x000000008c500000|  0%| F|  |TAMS 0x000000008c400000, 0x000000008c400000| Untracked 
| 197|0x000000008c500000, 0x000000008c500000, 0x000000008c600000|  0%| F|  |TAMS 0x000000008c500000, 0x000000008c500000| Untracked 
| 198|0x000000008c600000, 0x000000008c600000, 0x000000008c700000|  0%| F|  |TAMS 0x000000008c600000, 0x000000008c600000| Untracked 
| 199|0x000000008c700000, 0x000000008c700000, 0x000000008c800000|  0%| F|  |TAMS 0x000000008c700000, 0x000000008c700000| Untracked 
| 200|0x000000008c800000, 0x000000008c800000, 0x000000008c900000|  0%| F|  |TAMS 0x000000008c800000, 0x000000008c800000| Untracked 
| 201|0x000000008c900000, 0x000000008c900000, 0x000000008ca00000|  0%| F|  |TAMS 0x000000008c900000, 0x000000008c900000| Untracked 
| 202|0x000000008ca00000, 0x000000008ca00000, 0x000000008cb00000|  0%| F|  |TAMS 0x000000008ca00000, 0x000000008ca00000| Untracked 
| 203|0x000000008cb00000, 0x000000008cb00000, 0x000000008cc00000|  0%| F|  |TAMS 0x000000008cb00000, 0x000000008cb00000| Untracked 
| 204|0x000000008cc00000, 0x000000008cc00000, 0x000000008cd00000|  0%| F|  |TAMS 0x000000008cc00000, 0x000000008cc00000| Untracked 
| 205|0x000000008cd00000, 0x000000008cd00000, 0x000000008ce00000|  0%| F|  |TAMS 0x000000008cd00000, 0x000000008cd00000| Untracked 
| 206|0x000000008ce00000, 0x000000008ce00000, 0x000000008cf00000|  0%| F|  |TAMS 0x000000008ce00000, 0x000000008ce00000| Untracked 
| 207|0x000000008cf00000, 0x000000008cf00000, 0x000000008d000000|  0%| F|  |TAMS 0x000000008cf00000, 0x000000008cf00000| Untracked 
| 208|0x000000008d000000, 0x000000008d000000, 0x000000008d100000|  0%| F|  |TAMS 0x000000008d000000, 0x000000008d000000| Untracked 
| 209|0x000000008d100000, 0x000000008d100000, 0x000000008d200000|  0%| F|  |TAMS 0x000000008d100000, 0x000000008d100000| Untracked 
| 210|0x000000008d200000, 0x000000008d200000, 0x000000008d300000|  0%| F|  |TAMS 0x000000008d200000, 0x000000008d200000| Untracked 
| 211|0x000000008d300000, 0x000000008d300000, 0x000000008d400000|  0%| F|  |TAMS 0x000000008d300000, 0x000000008d300000| Untracked 
| 212|0x000000008d400000, 0x000000008d400000, 0x000000008d500000|  0%| F|  |TAMS 0x000000008d400000, 0x000000008d400000| Untracked 
| 213|0x000000008d500000, 0x000000008d500000, 0x000000008d600000|  0%| F|  |TAMS 0x000000008d500000, 0x000000008d500000| Untracked 
| 214|0x000000008d600000, 0x000000008d600000, 0x000000008d700000|  0%| F|  |TAMS 0x000000008d600000, 0x000000008d600000| Untracked 
| 215|0x000000008d700000, 0x000000008d700000, 0x000000008d800000|  0%| F|  |TAMS 0x000000008d700000, 0x000000008d700000| Untracked 
| 216|0x000000008d800000, 0x000000008d800000, 0x000000008d900000|  0%| F|  |TAMS 0x000000008d800000, 0x000000008d800000| Untracked 
| 217|0x000000008d900000, 0x000000008d900000, 0x000000008da00000|  0%| F|  |TAMS 0x000000008d900000, 0x000000008d900000| Untracked 
| 218|0x000000008da00000, 0x000000008da00000, 0x000000008db00000|  0%| F|  |TAMS 0x000000008da00000, 0x000000008da00000| Untracked 
| 219|0x000000008db00000, 0x000000008db00000, 0x000000008dc00000|  0%| F|  |TAMS 0x000000008db00000, 0x000000008db00000| Untracked 
| 220|0x000000008dc00000, 0x000000008dc00000, 0x000000008dd00000|  0%| F|  |TAMS 0x000000008dc00000, 0x000000008dc00000| Untracked 
| 221|0x000000008dd00000, 0x000000008dd00000, 0x000000008de00000|  0%| F|  |TAMS 0x000000008dd00000, 0x000000008dd00000| Untracked 
| 222|0x000000008de00000, 0x000000008de00000, 0x000000008df00000|  0%| F|  |TAMS 0x000000008de00000, 0x000000008de00000| Untracked 
| 223|0x000000008df00000, 0x000000008df00000, 0x000000008e000000|  0%| F|  |TAMS 0x000000008df00000, 0x000000008df00000| Untracked 
| 224|0x000000008e000000, 0x000000008e000000, 0x000000008e100000|  0%| F|  |TAMS 0x000000008e000000, 0x000000008e000000| Untracked 
| 225|0x000000008e100000, 0x000000008e100000, 0x000000008e200000|  0%| F|  |TAMS 0x000000008e100000, 0x000000008e100000| Untracked 
| 226|0x000000008e200000, 0x000000008e200000, 0x000000008e300000|  0%| F|  |TAMS 0x000000008e200000, 0x000000008e200000| Untracked 
| 227|0x000000008e300000, 0x000000008e300000, 0x000000008e400000|  0%| F|  |TAMS 0x000000008e300000, 0x000000008e300000| Untracked 
| 228|0x000000008e400000, 0x000000008e400000, 0x000000008e500000|  0%| F|  |TAMS 0x000000008e400000, 0x000000008e400000| Untracked 
| 229|0x000000008e500000, 0x000000008e500000, 0x000000008e600000|  0%| F|  |TAMS 0x000000008e500000, 0x000000008e500000| Untracked 
| 230|0x000000008e600000, 0x000000008e600000, 0x000000008e700000|  0%| F|  |TAMS 0x000000008e600000, 0x000000008e600000| Untracked 
| 231|0x000000008e700000, 0x000000008e700000, 0x000000008e800000|  0%| F|  |TAMS 0x000000008e700000, 0x000000008e700000| Untracked 
| 232|0x000000008e800000, 0x000000008e800000, 0x000000008e900000|  0%| F|  |TAMS 0x000000008e800000, 0x000000008e800000| Untracked 
| 233|0x000000008e900000, 0x000000008e900000, 0x000000008ea00000|  0%| F|  |TAMS 0x000000008e900000, 0x000000008e900000| Untracked 
| 234|0x000000008ea00000, 0x000000008ea00000, 0x000000008eb00000|  0%| F|  |TAMS 0x000000008ea00000, 0x000000008ea00000| Untracked 
| 235|0x000000008eb00000, 0x000000008eb00000, 0x000000008ec00000|  0%| F|  |TAMS 0x000000008eb00000, 0x000000008eb00000| Untracked 
| 236|0x000000008ec00000, 0x000000008ec00000, 0x000000008ed00000|  0%| F|  |TAMS 0x000000008ec00000, 0x000000008ec00000| Untracked 
| 237|0x000000008ed00000, 0x000000008ed00000, 0x000000008ee00000|  0%| F|  |TAMS 0x000000008ed00000, 0x000000008ed00000| Untracked 
| 238|0x000000008ee00000, 0x000000008eed8f78, 0x000000008ef00000| 84%| E|  |TAMS 0x000000008ee00000, 0x000000008ee00000| Complete 
| 239|0x000000008ef00000, 0x000000008f000000, 0x000000008f000000|100%| E|CS|TAMS 0x000000008ef00000, 0x000000008ef00000| Complete 
| 240|0x000000008f000000, 0x000000008f100000, 0x000000008f100000|100%| E|CS|TAMS 0x000000008f000000, 0x000000008f000000| Complete 
| 241|0x000000008f100000, 0x000000008f200000, 0x000000008f200000|100%| E|CS|TAMS 0x000000008f100000, 0x000000008f100000| Complete 
| 242|0x000000008f200000, 0x000000008f300000, 0x000000008f300000|100%| E|CS|TAMS 0x000000008f200000, 0x000000008f200000| Complete 
| 243|0x000000008f300000, 0x000000008f400000, 0x000000008f400000|100%| E|CS|TAMS 0x000000008f300000, 0x000000008f300000| Complete 
| 244|0x000000008f400000, 0x000000008f500000, 0x000000008f500000|100%| E|CS|TAMS 0x000000008f400000, 0x000000008f400000| Complete 
| 245|0x000000008f500000, 0x000000008f600000, 0x000000008f600000|100%| E|CS|TAMS 0x000000008f500000, 0x000000008f500000| Complete 
| 246|0x000000008f600000, 0x000000008f700000, 0x000000008f700000|100%| E|CS|TAMS 0x000000008f600000, 0x000000008f600000| Complete 
| 247|0x000000008f700000, 0x000000008f800000, 0x000000008f800000|100%| E|CS|TAMS 0x000000008f700000, 0x000000008f700000| Complete 
| 248|0x000000008f800000, 0x000000008f900000, 0x000000008f900000|100%| E|CS|TAMS 0x000000008f800000, 0x000000008f800000| Complete 
| 249|0x000000008f900000, 0x000000008fa00000, 0x000000008fa00000|100%| E|CS|TAMS 0x000000008f900000, 0x000000008f900000| Complete 
| 250|0x000000008fa00000, 0x000000008fb00000, 0x000000008fb00000|100%| E|CS|TAMS 0x000000008fa00000, 0x000000008fa00000| Complete 
| 251|0x000000008fb00000, 0x000000008fc00000, 0x000000008fc00000|100%| E|CS|TAMS 0x000000008fb00000, 0x000000008fb00000| Complete 
| 252|0x000000008fc00000, 0x000000008fd00000, 0x000000008fd00000|100%| E|CS|TAMS 0x000000008fc00000, 0x000000008fc00000| Complete 
| 253|0x000000008fd00000, 0x000000008fe00000, 0x000000008fe00000|100%| E|CS|TAMS 0x000000008fd00000, 0x000000008fd00000| Complete 
| 254|0x000000008fe00000, 0x000000008ff00000, 0x000000008ff00000|100%| E|CS|TAMS 0x000000008fe00000, 0x000000008fe00000| Complete 
| 255|0x000000008ff00000, 0x0000000090000000, 0x0000000090000000|100%| E|CS|TAMS 0x000000008ff00000, 0x000000008ff00000| Complete 
| 256|0x0000000090000000, 0x000000009009c200, 0x0000000090100000| 60%| S|CS|TAMS 0x0000000090000000, 0x0000000090000000| Complete 
| 257|0x0000000090100000, 0x0000000090200000, 0x0000000090200000|100%| E|CS|TAMS 0x0000000090100000, 0x0000000090100000| Complete 
| 258|0x0000000090200000, 0x0000000090300000, 0x0000000090300000|100%| E|CS|TAMS 0x0000000090200000, 0x0000000090200000| Complete 
| 259|0x0000000090300000, 0x0000000090400000, 0x0000000090400000|100%| E|CS|TAMS 0x0000000090300000, 0x0000000090300000| Complete 
| 260|0x0000000090400000, 0x0000000090500000, 0x0000000090500000|100%| E|CS|TAMS 0x0000000090400000, 0x0000000090400000| Complete 
| 261|0x0000000090500000, 0x0000000090600000, 0x0000000090600000|100%| E|CS|TAMS 0x0000000090500000, 0x0000000090500000| Complete 
| 262|0x0000000090600000, 0x0000000090700000, 0x0000000090700000|100%| E|CS|TAMS 0x0000000090600000, 0x0000000090600000| Complete 
| 263|0x0000000090700000, 0x0000000090800000, 0x0000000090800000|100%| E|CS|TAMS 0x0000000090700000, 0x0000000090700000| Complete 
| 264|0x0000000090800000, 0x0000000090900000, 0x0000000090900000|100%| E|CS|TAMS 0x0000000090800000, 0x0000000090800000| Complete 
| 265|0x0000000090900000, 0x0000000090a00000, 0x0000000090a00000|100%| E|CS|TAMS 0x0000000090900000, 0x0000000090900000| Complete 
| 266|0x0000000090a00000, 0x0000000090b00000, 0x0000000090b00000|100%| E|CS|TAMS 0x0000000090a00000, 0x0000000090a00000| Complete 

Card table byte_map: [0x000001e4b8810000,0x000001e4b8c10000] _byte_map_base: 0x000001e4b8410000

Marking Bits (Prev, Next): (CMBitMap*) 0x000001e4a593c5d0, (CMBitMap*) 0x000001e4a593c598
 Prev Bits: [0x000001e4bb010000, 0x000001e4bd010000)
 Next Bits: [0x000001e4b9010000, 0x000001e4bb010000)

Polling page: 0x000001e4a50e0000

Metaspace:

Usage:
  Non-class:    141.65 MB capacity,   139.11 MB ( 98%) used,     2.03 MB (  1%) free+waste,   524.75 KB ( <1%) overhead. 
      Class:     21.06 MB capacity,    19.50 MB ( 93%) used,     1.34 MB (  6%) free+waste,   228.31 KB (  1%) overhead. 
       Both:    162.72 MB capacity,   158.61 MB ( 97%) used,     3.37 MB (  2%) free+waste,   753.06 KB ( <1%) overhead. 

Virtual space:
  Non-class space:      144.00 MB reserved,     142.42 MB ( 99%) committed 
      Class space:        1.00 GB reserved,      21.38 MB (  2%) committed 
             Both:        1.14 GB reserved,     163.79 MB ( 14%) committed 

Chunk freelists:
   Non-Class:  785.00 KB
       Class:  286.00 KB
        Both:  1.05 MB

MaxMetaspaceSize: 17179869184.00 GB
CompressedClassSpaceSize: 1.00 GB
Initial GC threshold: 20.80 MB
Current GC threshold: 272.99 MB
CDS: off

CodeHeap 'non-profiled nmethods': size=120064Kb used=22811Kb max_used=22811Kb free=97252Kb
 bounds [0x000001e4b0ed0000, 0x000001e4b2520000, 0x000001e4b8410000]
CodeHeap 'profiled nmethods': size=120000Kb used=58641Kb max_used=58641Kb free=61358Kb
 bounds [0x000001e4a99a0000, 0x000001e4ad2f0000, 0x000001e4b0ed0000]
CodeHeap 'non-nmethods': size=5696Kb used=2536Kb max_used=2633Kb free=3159Kb
 bounds [0x000001e4a9410000, 0x000001e4a96b0000, 0x000001e4a99a0000]
 total_blobs=26900 nmethods=25817 adapters=995
 compilation: enabled
              stopped_count=0, restarted_count=0
 full_count=0

Compilation events (20 events):
Event: 19577.989 Thread 0x000001e4bf524000 30121       3       com.google.gson.internal.bind.TypeAdapters::newFactory (10 bytes)
Event: 19577.989 Thread 0x000001e4c35d0800 30123 %     4       sun.nio.fs.WindowsPath::compareTo @ 49 (118 bytes)
Event: 19577.989 Thread 0x000001e4bf524000 nmethod 30121 0x000001e4ad2e4a90 code [0x000001e4ad2e4c60, 0x000001e4ad2e4f18]
Event: 19577.989 Thread 0x000001e4bf524000 30122       3       com.google.gson.internal.bind.TypeAdapters$30::<init> (15 bytes)
Event: 19577.989 Thread 0x000001e4bf524000 nmethod 30122 0x000001e4ad2e5010 code [0x000001e4ad2e51c0, 0x000001e4ad2e53d8]
Event: 19578.006 Thread 0x000001e4bf520800 30124 %     4       java.io.ObjectOutputStream$HandleTable::growSpine @ 41 (67 bytes)
Event: 19578.012 Thread 0x000001e4c35d0800 nmethod 30123% 0x000001e4b2514490 code [0x000001e4b2514660, 0x000001e4b2515138]
Event: 19578.012 Thread 0x000001e4bf520800 nmethod 30124% 0x000001e4b2515690 code [0x000001e4b2515860, 0x000001e4b2515c48]
Event: 19578.013 Thread 0x000001e4bf524000 30125       3       org.gradle.internal.snapshot.impl.ImplementationSnapshot::isLambdaClassName (7 bytes)
Event: 19578.013 Thread 0x000001e4bf524000 nmethod 30125 0x000001e4ad2e5490 code [0x000001e4ad2e5660, 0x000001e4ad2e58a8]
Event: 19578.017 Thread 0x000001e4bf520800 30126       4       org.gradle.internal.snapshot.AbstractIncompleteFileSystemNode$$Lambda$1027/0x0000000100bc0440::test (13 bytes)
Event: 19578.018 Thread 0x000001e4bf524000 30127       3       com.android.ide.common.xml.XmlPrettyPrinter::hasBlankLineAbove (70 bytes)
Event: 19578.018 Thread 0x000001e4bf520800 nmethod 30126 0x000001e4b2515f10 code [0x000001e4b25160c0, 0x000001e4b25161f8]
Event: 19578.019 Thread 0x000001e4bf524000 nmethod 30127 0x000001e4ad2e5a10 code [0x000001e4ad2e5c40, 0x000001e4ad2e6278]
Event: 19578.099 Thread 0x000001e4c35d0800 30128       4       sun.reflect.generics.parser.SignatureParser::parsePackageNameAndSimpleClassTypeSignature (119 bytes)
Event: 19578.102 Thread 0x000001e4bf520800 30129       4       java.lang.Class::privateGetDeclaredConstructors (79 bytes)
Event: 19578.114 Thread 0x000001e4bf520800 nmethod 30129 0x000001e4b2516310 code [0x000001e4b25164e0, 0x000001e4b2516ca8]
Event: 19578.114 Thread 0x000001e4bf520800 30130       4       sun.reflect.generics.parser.SignatureParser::parseClassTypeSignature (118 bytes)
Event: 19578.159 Thread 0x000001e4bf524000 30131       3       com.google.common.collect.Platform::newHashMapWithExpectedSize (5 bytes)
Event: 19578.160 Thread 0x000001e4bf524000 nmethod 30131 0x000001e4ad2e6510 code [0x000001e4ad2e6700, 0x000001e4ad2e6978]

GC Heap History (20 events):
Event: 18384.191 GC heap before
{Heap before GC invocations=188 (full 0):
 garbage-first heap   total 273408K, used 165267K [0x0000000080000000, 0x0000000100000000)
  region size 1024K, 13 young (13312K), 1 survivors (1024K)
 Metaspace       used 157616K, capacity 161865K, committed 163116K, reserved 1191936K
  class space    used 19636K, capacity 21225K, committed 21632K, reserved 1048576K
}
Event: 18384.254 GC heap after
{Heap after GC invocations=189 (full 0):
 garbage-first heap   total 273408K, used 153370K [0x0000000080000000, 0x0000000100000000)
  region size 1024K, 1 young (1024K), 1 survivors (1024K)
 Metaspace       used 157616K, capacity 161865K, committed 163116K, reserved 1191936K
  class space    used 19636K, capacity 21225K, committed 21632K, reserved 1048576K
}
Event: 19564.616 GC heap before
{Heap before GC invocations=189 (full 0):
 garbage-first heap   total 273408K, used 227098K [0x0000000080000000, 0x0000000100000000)
  region size 1024K, 74 young (75776K), 1 survivors (1024K)
 Metaspace       used 157985K, capacity 162340K, committed 163116K, reserved 1191936K
  class space    used 19679K, capacity 21305K, committed 21632K, reserved 1048576K
}
Event: 19564.664 GC heap after
{Heap after GC invocations=190 (full 0):
 garbage-first heap   total 273408K, used 159612K [0x0000000080000000, 0x0000000100000000)
  region size 1024K, 7 young (7168K), 7 survivors (7168K)
 Metaspace       used 157985K, capacity 162340K, committed 163116K, reserved 1191936K
  class space    used 19679K, capacity 21305K, committed 21632K, reserved 1048576K
}
Event: 19568.712 GC heap before
{Heap before GC invocations=191 (full 0):
 garbage-first heap   total 273408K, used 231292K [0x0000000080000000, 0x0000000100000000)
  region size 1024K, 75 young (76800K), 7 survivors (7168K)
 Metaspace       used 158114K, capacity 162192K, committed 163628K, reserved 1191936K
  class space    used 19626K, capacity 21175K, committed 21632K, reserved 1048576K
}
Event: 19568.743 GC heap after
{Heap after GC invocations=192 (full 0):
 garbage-first heap   total 273408K, used 176096K [0x0000000080000000, 0x0000000100000000)
  region size 1024K, 10 young (10240K), 10 survivors (10240K)
 Metaspace       used 158114K, capacity 162192K, committed 163628K, reserved 1191936K
  class space    used 19626K, capacity 21175K, committed 21632K, reserved 1048576K
}
Event: 19569.169 GC heap before
{Heap before GC invocations=192 (full 0):
 garbage-first heap   total 273408K, used 179168K [0x0000000080000000, 0x0000000100000000)
  region size 1024K, 13 young (13312K), 10 survivors (10240K)
 Metaspace       used 158130K, capacity 162192K, committed 163628K, reserved 1191936K
  class space    used 19626K, capacity 21175K, committed 21632K, reserved 1048576K
}
Event: 19569.259 GC heap after
{Heap after GC invocations=193 (full 0):
 garbage-first heap   total 273408K, used 162650K [0x0000000080000000, 0x0000000100000000)
  region size 1024K, 2 young (2048K), 2 survivors (2048K)
 Metaspace       used 158130K, capacity 162192K, committed 163628K, reserved 1191936K
  class space    used 19626K, capacity 21175K, committed 21632K, reserved 1048576K
}
Event: 19570.571 GC heap before
{Heap before GC invocations=193 (full 0):
 garbage-first heap   total 273408K, used 196442K [0x0000000080000000, 0x0000000100000000)
  region size 1024K, 36 young (36864K), 2 survivors (2048K)
 Metaspace       used 159192K, capacity 163383K, committed 164652K, reserved 1191936K
  class space    used 19732K, capacity 21294K, committed 21632K, reserved 1048576K
}
Event: 19570.588 GC heap after
{Heap after GC invocations=194 (full 0):
 garbage-first heap   total 273408K, used 168355K [0x0000000080000000, 0x0000000100000000)
  region size 1024K, 8 young (8192K), 8 survivors (8192K)
 Metaspace       used 159192K, capacity 163383K, committed 164652K, reserved 1191936K
  class space    used 19732K, capacity 21294K, committed 21632K, reserved 1048576K
}
Event: 19572.848 GC heap before
{Heap before GC invocations=195 (full 0):
 garbage-first heap   total 273408K, used 241059K [0x0000000080000000, 0x0000000100000000)
  region size 1024K, 57 young (58368K), 8 survivors (8192K)
 Metaspace       used 159391K, capacity 163687K, committed 164908K, reserved 1191936K
  class space    used 19750K, capacity 21341K, committed 21632K, reserved 1048576K
}
Event: 19572.869 GC heap after
{Heap after GC invocations=196 (full 0):
 garbage-first heap   total 273408K, used 173814K [0x0000000080000000, 0x0000000100000000)
  region size 1024K, 7 young (7168K), 7 survivors (7168K)
 Metaspace       used 159391K, capacity 163687K, committed 164908K, reserved 1191936K
  class space    used 19750K, capacity 21341K, committed 21632K, reserved 1048576K
}
Event: 19572.905 GC heap before
{Heap before GC invocations=196 (full 0):
 garbage-first heap   total 273408K, used 178934K [0x0000000080000000, 0x0000000100000000)
  region size 1024K, 13 young (13312K), 7 survivors (7168K)
 Metaspace       used 159423K, capacity 163690K, committed 164908K, reserved 1191936K
  class space    used 19753K, capacity 21342K, committed 21632K, reserved 1048576K
}
Event: 19572.920 GC heap after
{Heap after GC invocations=197 (full 0):
 garbage-first heap   total 273408K, used 174080K [0x0000000080000000, 0x0000000100000000)
  region size 1024K, 2 young (2048K), 2 survivors (2048K)
 Metaspace       used 159423K, capacity 163690K, committed 164908K, reserved 1191936K
  class space    used 19753K, capacity 21342K, committed 21632K, reserved 1048576K
}
Event: 19573.931 GC heap before
{Heap before GC invocations=197 (full 0):
 garbage-first heap   total 273408K, used 221184K [0x0000000080000000, 0x0000000100000000)
  region size 1024K, 49 young (50176K), 2 survivors (2048K)
 Metaspace       used 162013K, capacity 166285K, committed 167468K, reserved 1196032K
  class space    used 19948K, capacity 21567K, committed 21888K, reserved 1048576K
}
Event: 19573.947 GC heap after
{Heap after GC invocations=198 (full 0):
 garbage-first heap   total 273408K, used 181913K [0x0000000080000000, 0x0000000100000000)
  region size 1024K, 7 young (7168K), 7 survivors (7168K)
 Metaspace       used 162013K, capacity 166285K, committed 167468K, reserved 1196032K
  class space    used 19948K, capacity 21567K, committed 21888K, reserved 1048576K
}
Event: 19574.970 GC heap before
{Heap before GC invocations=199 (full 0):
 garbage-first heap   total 273408K, used 214681K [0x0000000080000000, 0x0000000100000000)
  region size 1024K, 49 young (50176K), 7 survivors (7168K)
 Metaspace       used 162198K, capacity 166477K, committed 167724K, reserved 1196032K
  class space    used 19959K, capacity 21567K, committed 21888K, reserved 1048576K
}
Event: 19574.980 GC heap after
{Heap after GC invocations=200 (full 0):
 garbage-first heap   total 273408K, used 171558K [0x0000000080000000, 0x0000000100000000)
  region size 1024K, 3 young (3072K), 3 survivors (3072K)
 Metaspace       used 162198K, capacity 166477K, committed 167724K, reserved 1196032K
  class space    used 19959K, capacity 21567K, committed 21888K, reserved 1048576K
}
Event: 19575.338 GC heap before
{Heap before GC invocations=200 (full 0):
 garbage-first heap   total 273408K, used 181798K [0x0000000080000000, 0x0000000100000000)
  region size 1024K, 13 young (13312K), 3 survivors (3072K)
 Metaspace       used 162262K, capacity 166477K, committed 167724K, reserved 1196032K
  class space    used 19960K, capacity 21567K, committed 21888K, reserved 1048576K
}
Event: 19575.407 GC heap after
{Heap after GC invocations=201 (full 0):
 garbage-first heap   total 273408K, used 157691K [0x0000000080000000, 0x0000000100000000)
  region size 1024K, 1 young (1024K), 1 survivors (1024K)
 Metaspace       used 162262K, capacity 166477K, committed 167724K, reserved 1196032K
  class space    used 19960K, capacity 21567K, committed 21888K, reserved 1048576K
}

Deoptimization events (20 events):
Event: 19577.834 Thread 0x000001e4c1ec2000 Uncommon trap: trap_request=0xffffffde fr.pc=0x000001e4b1da898c relative=0x00000000000006ac
Event: 19577.834 Thread 0x000001e4c1ec2000 Uncommon trap: reason=class_check action=maybe_recompile pc=0x000001e4b1da898c method=org.apache.xerces.dom.NamedNodeMapImpl.setOwnerDocument(Lorg/apache/xerces/dom/CoreDocumentImpl;)V @ 27 c2
Event: 19577.835 Thread 0x000001e4c1ec2000 DEOPT PACKING pc=0x000001e4b1da898c sp=0x0000002f55cfa7f0
Event: 19577.835 Thread 0x000001e4c1ec2000 DEOPT UNPACKING pc=0x000001e4a945a1a9 sp=0x0000002f55cfa758 mode 2
Event: 19577.835 Thread 0x000001e4c1ec2000 Uncommon trap: trap_request=0xffffffde fr.pc=0x000001e4b1a40358 relative=0x0000000000000198
Event: 19577.835 Thread 0x000001e4c1ec2000 Uncommon trap: reason=class_check action=maybe_recompile pc=0x000001e4b1a40358 method=org.apache.xerces.dom.AttributeMap.reconcileDefaults(Lorg/apache/xerces/dom/NamedNodeMapImpl;)V @ 38 c2
Event: 19577.835 Thread 0x000001e4c1ec2000 DEOPT PACKING pc=0x000001e4b1a40358 sp=0x0000002f55cfa830
Event: 19577.835 Thread 0x000001e4c1ec2000 DEOPT UNPACKING pc=0x000001e4a945a1a9 sp=0x0000002f55cfa798 mode 2
Event: 19577.840 Thread 0x000001e4c1ec2000 Uncommon trap: trap_request=0xffffffde fr.pc=0x000001e4b1a40358 relative=0x0000000000000198
Event: 19577.840 Thread 0x000001e4c1ec2000 Uncommon trap: reason=class_check action=maybe_recompile pc=0x000001e4b1a40358 method=org.apache.xerces.dom.AttributeMap.reconcileDefaults(Lorg/apache/xerces/dom/NamedNodeMapImpl;)V @ 38 c2
Event: 19577.840 Thread 0x000001e4c1ec2000 DEOPT PACKING pc=0x000001e4b1a40358 sp=0x0000002f55cfa600
Event: 19577.840 Thread 0x000001e4c1ec2000 DEOPT UNPACKING pc=0x000001e4a945a1a9 sp=0x0000002f55cfa568 mode 2
Event: 19578.022 Thread 0x000001e4c1ec2000 Uncommon trap: trap_request=0xffffff4d fr.pc=0x000001e4b1d74cb4 relative=0x00000000000004f4
Event: 19578.022 Thread 0x000001e4c1ec2000 Uncommon trap: reason=unstable_if action=reinterpret pc=0x000001e4b1d74cb4 method=org.gradle.internal.resources.DefaultResourceLockCoordinationService$AcquireLocks.transform(Lorg/gradle/internal/resources/ResourceLockState;)Lorg/gradle/internal/resources/
Event: 19578.022 Thread 0x000001e4c1ec2000 DEOPT PACKING pc=0x000001e4b1d74cb4 sp=0x0000002f55cfbb70
Event: 19578.022 Thread 0x000001e4c1ec2000 DEOPT UNPACKING pc=0x000001e4a945a1a9 sp=0x0000002f55cfbaa8 mode 2
Event: 19578.137 Thread 0x000001e4c1ec2000 Uncommon trap: trap_request=0xffffff4d fr.pc=0x000001e4b1d75a24 relative=0x00000000000004e4
Event: 19578.137 Thread 0x000001e4c1ec2000 Uncommon trap: reason=unstable_if action=reinterpret pc=0x000001e4b1d75a24 method=org.gradle.internal.resources.DefaultResourceLockCoordinationService$AcquireLocks.transform(Lorg/gradle/internal/resources/ResourceLockState;)Lorg/gradle/internal/resources/
Event: 19578.137 Thread 0x000001e4c1ec2000 DEOPT PACKING pc=0x000001e4b1d75a24 sp=0x0000002f55cfbb00
Event: 19578.137 Thread 0x000001e4c1ec2000 DEOPT UNPACKING pc=0x000001e4a945a1a9 sp=0x0000002f55cfbaa0 mode 2

Classes redefined (0 events):
No events

Internal exceptions (20 events):
Event: 19575.753 Thread 0x000001e4c1ec7000 Exception <a 'sun/nio/fs/WindowsException'{0x0000000090512020}> (0x0000000090512020) thrown at [./src/hotspot/share/prims/jni.cpp, line 615]
Event: 19575.758 Thread 0x000001e4c1ec7000 Exception <a 'sun/nio/fs/WindowsException'{0x0000000090512fe0}> (0x0000000090512fe0) thrown at [./src/hotspot/share/prims/jni.cpp, line 615]
Event: 19575.762 Thread 0x000001e4c1ec7000 Exception <a 'sun/nio/fs/WindowsException'{0x0000000090514060}> (0x0000000090514060) thrown at [./src/hotspot/share/prims/jni.cpp, line 615]
Event: 19575.767 Thread 0x000001e4c1ec7000 Exception <a 'sun/nio/fs/WindowsException'{0x0000000090515258}> (0x0000000090515258) thrown at [./src/hotspot/share/prims/jni.cpp, line 615]
Event: 19575.773 Thread 0x000001e4c1ec7000 Exception <a 'sun/nio/fs/WindowsException'{0x000000009051c770}> (0x000000009051c770) thrown at [./src/hotspot/share/prims/jni.cpp, line 615]
Event: 19575.776 Thread 0x000001e4c1ec7000 Exception <a 'sun/nio/fs/WindowsException'{0x000000009051d7e8}> (0x000000009051d7e8) thrown at [./src/hotspot/share/prims/jni.cpp, line 615]
Event: 19575.781 Thread 0x000001e4c1ec7000 Exception <a 'sun/nio/fs/WindowsException'{0x000000009051e828}> (0x000000009051e828) thrown at [./src/hotspot/share/prims/jni.cpp, line 615]
Event: 19575.784 Thread 0x000001e4c1ec7000 Exception <a 'sun/nio/fs/WindowsException'{0x000000009051f900}> (0x000000009051f900) thrown at [./src/hotspot/share/prims/jni.cpp, line 615]
Event: 19575.788 Thread 0x000001e4c1ec7000 Exception <a 'sun/nio/fs/WindowsException'{0x0000000090520a18}> (0x0000000090520a18) thrown at [./src/hotspot/share/prims/jni.cpp, line 615]
Event: 19576.157 Thread 0x000001e4c1ec7000 Exception <a 'sun/nio/fs/WindowsException'{0x00000000904a34e0}> (0x00000000904a34e0) thrown at [./src/hotspot/share/prims/jni.cpp, line 615]
Event: 19576.157 Thread 0x000001e4c1ec7000 Exception <a 'sun/nio/fs/WindowsException'{0x00000000904a4348}> (0x00000000904a4348) thrown at [./src/hotspot/share/prims/jni.cpp, line 615]
Event: 19577.073 Thread 0x000001e4c1ec2000 Exception <a 'sun/nio/fs/WindowsException'{0x000000008fed4f38}> (0x000000008fed4f38) thrown at [./src/hotspot/share/prims/jni.cpp, line 615]
Event: 19577.073 Thread 0x000001e4c1ec2000 Exception <a 'sun/nio/fs/WindowsException'{0x000000008fed5de0}> (0x000000008fed5de0) thrown at [./src/hotspot/share/prims/jni.cpp, line 615]
Event: 19577.073 Thread 0x000001e4c1ec2000 Exception <a 'sun/nio/fs/WindowsException'{0x000000008fed6090}> (0x000000008fed6090) thrown at [./src/hotspot/share/prims/jni.cpp, line 615]
Event: 19577.073 Thread 0x000001e4c1ec2000 Exception <a 'sun/nio/fs/WindowsException'{0x000000008fed7140}> (0x000000008fed7140) thrown at [./src/hotspot/share/prims/jni.cpp, line 615]
Event: 19577.073 Thread 0x000001e4c1ec2000 Exception <a 'sun/nio/fs/WindowsException'{0x000000008fed73b8}> (0x000000008fed73b8) thrown at [./src/hotspot/share/prims/jni.cpp, line 615]
Event: 19577.074 Thread 0x000001e4c1ec2000 Exception <a 'sun/nio/fs/WindowsException'{0x000000008fed8210}> (0x000000008fed8210) thrown at [./src/hotspot/share/prims/jni.cpp, line 615]
Event: 19578.023 Thread 0x000001e4ca868800 Exception <a 'sun/nio/fs/WindowsException'{0x000000009099f360}> (0x000000009099f360) thrown at [./src/hotspot/share/prims/jni.cpp, line 615]
Event: 19578.023 Thread 0x000001e4ca868800 Exception <a 'sun/nio/fs/WindowsException'{0x00000000909a09e8}> (0x00000000909a09e8) thrown at [./src/hotspot/share/prims/jni.cpp, line 615]
Event: 19578.107 Thread 0x000001e4c1ec7800 Exception <a 'sun/nio/fs/WindowsException'{0x000000008f215250}> (0x000000008f215250) thrown at [./src/hotspot/share/prims/jni.cpp, line 615]

Events (20 events):
Event: 19577.050 Executing VM operation: RevokeBias
Event: 19577.050 Executing VM operation: RevokeBias done
Event: 19577.625 Thread 0x000001e4c35ca000 Thread exited: 0x000001e4c35ca000
Event: 19577.854 Thread 0x000001e4c35d0800 Thread added: 0x000001e4c35d0800
Event: 19578.024 loading class com/android/build/gradle/tasks/JavaPreCompileWorkAction
Event: 19578.024 loading class com/android/build/gradle/tasks/JavaPreCompileWorkAction done
Event: 19578.062 loading class com/android/build/gradle/tasks/JavaPreCompileTask$doTaskAction$1
Event: 19578.062 loading class com/android/build/gradle/tasks/JavaPreCompileTask$doTaskAction$1 done
Event: 19578.074 loading class com/android/build/gradle/tasks/JavaPreCompileParameters
Event: 19578.074 loading class com/android/build/gradle/tasks/JavaPreCompileParameters done
Event: 19578.084 loading class com/android/build/gradle/tasks/SerializableArtifact
Event: 19578.084 loading class com/android/build/gradle/tasks/SerializableArtifact done
Event: 19578.149 loading class com/android/ide/common/resources/AssetFile
Event: 19578.149 loading class com/android/ide/common/resources/AssetFile done
Event: 19578.154 Executing VM operation: Deoptimize
Event: 19578.159 Executing VM operation: Deoptimize done
Event: 19578.159 loading class com/android/ide/common/resources/AssetMerger
Event: 19578.159 loading class com/android/ide/common/resources/AssetMerger done
Event: 19578.162 loading class com/android/ide/common/resources/MergedAssetWriter
Event: 19578.162 loading class com/android/ide/common/resources/MergedAssetWriter done


Dynamic libraries:
0x00007ff6a03b0000 - 0x00007ff6a03ba000 	D:\Apps\Android Studio\jre\bin\java.exe
0x00007ffd1c370000 - 0x00007ffd1c568000 	C:\Windows\SYSTEM32\ntdll.dll
0x00007ffd1bfc0000 - 0x00007ffd1c07d000 	C:\Windows\System32\KERNEL32.DLL
0x00007ffd19c20000 - 0x00007ffd19ef2000 	C:\Windows\System32\KERNELBASE.dll
0x00007ffd19f30000 - 0x00007ffd1a030000 	C:\Windows\System32\ucrtbase.dll
0x00007ffd02aa0000 - 0x00007ffd02ab7000 	D:\Apps\Android Studio\jre\bin\VCRUNTIME140.dll
0x00007ffd02050000 - 0x00007ffd02069000 	D:\Apps\Android Studio\jre\bin\jli.dll
0x00007ffd1a3d0000 - 0x00007ffd1a56d000 	C:\Windows\System32\USER32.dll
0x00007ffd19f00000 - 0x00007ffd19f22000 	C:\Windows\System32\win32u.dll
0x00007ffd05150000 - 0x00007ffd053ea000 	C:\Windows\WinSxS\amd64_microsoft.windows.common-controls_6595b64144ccf1df_6.0.19041.1110_none_60b5254171f9507e\COMCTL32.dll
0x00007ffd1c300000 - 0x00007ffd1c32b000 	C:\Windows\System32\GDI32.dll
0x00007ffd1b330000 - 0x00007ffd1b3ce000 	C:\Windows\System32\msvcrt.dll
0x00007ffd19a80000 - 0x00007ffd19b8f000 	C:\Windows\System32\gdi32full.dll
0x00007ffd1a030000 - 0x00007ffd1a0cd000 	C:\Windows\System32\msvcp_win.dll
0x00007ffd1c0e0000 - 0x00007ffd1c110000 	C:\Windows\System32\IMM32.DLL
0x00007ffce9870000 - 0x00007ffce990d000 	D:\Apps\Android Studio\jre\bin\msvcp140.dll
0x00007ffcd69c0000 - 0x00007ffcd74a5000 	D:\Apps\Android Studio\jre\bin\server\jvm.dll
0x00007ffd1b600000 - 0x00007ffd1b6ae000 	C:\Windows\System32\ADVAPI32.dll
0x00007ffd1adf0000 - 0x00007ffd1ae8c000 	C:\Windows\System32\sechost.dll
0x00007ffd1be60000 - 0x00007ffd1bf85000 	C:\Windows\System32\RPCRT4.dll
0x00007ffd1b590000 - 0x00007ffd1b598000 	C:\Windows\System32\PSAPI.DLL
0x00007ffd15740000 - 0x00007ffd15749000 	C:\Windows\SYSTEM32\WSOCK32.dll
0x00007ffd1bc40000 - 0x00007ffd1bcab000 	C:\Windows\System32\WS2_32.dll
0x00007ffd14050000 - 0x00007ffd1405a000 	C:\Windows\SYSTEM32\VERSION.dll
0x00007ffd0e270000 - 0x00007ffd0e297000 	C:\Windows\SYSTEM32\WINMM.dll
0x00007ffd17960000 - 0x00007ffd17972000 	C:\Windows\SYSTEM32\kernel.appcore.dll
0x00007ffd15720000 - 0x00007ffd15731000 	D:\Apps\Android Studio\jre\bin\verify.dll
0x00007ffd06f00000 - 0x00007ffd070e4000 	C:\Windows\SYSTEM32\DBGHELP.DLL
0x00007ffd01ce0000 - 0x00007ffd01d0c000 	C:\Windows\SYSTEM32\dbgcore.DLL
0x00007ffd19b90000 - 0x00007ffd19c12000 	C:\Windows\System32\bcryptPrimitives.dll
0x00007ffd15240000 - 0x00007ffd15269000 	D:\Apps\Android Studio\jre\bin\java.dll
0x00007ffd15710000 - 0x00007ffd1571b000 	D:\Apps\Android Studio\jre\bin\jimage.dll
0x00007ffd15180000 - 0x00007ffd15198000 	D:\Apps\Android Studio\jre\bin\zip.dll
0x00007ffd1a640000 - 0x00007ffd1ad83000 	C:\Windows\System32\SHELL32.dll
0x00007ffd17b60000 - 0x00007ffd182f1000 	C:\Windows\SYSTEM32\windows.storage.dll
0x00007ffd1ae90000 - 0x00007ffd1b1e4000 	C:\Windows\System32\combase.dll
0x00007ffd194e0000 - 0x00007ffd19510000 	C:\Windows\SYSTEM32\Wldp.dll
0x00007ffd1c110000 - 0x00007ffd1c1bd000 	C:\Windows\System32\SHCORE.dll
0x00007ffd1c080000 - 0x00007ffd1c0d5000 	C:\Windows\System32\shlwapi.dll
0x00007ffd199c0000 - 0x00007ffd199df000 	C:\Windows\SYSTEM32\profapi.dll
0x00007ffd13620000 - 0x00007ffd1363a000 	D:\Apps\Android Studio\jre\bin\net.dll
0x00007ffd10a60000 - 0x00007ffd10b6d000 	C:\Windows\SYSTEM32\WINHTTP.dll
0x00007ffd19240000 - 0x00007ffd192aa000 	C:\Windows\system32\mswsock.dll
0x00007ffd13600000 - 0x00007ffd13614000 	D:\Apps\Android Studio\jre\bin\nio.dll
0x00007ffd02ac0000 - 0x00007ffd02ae7000 	C:\Users\BAGUS\.gradle\native\e1d6ef7f7dcc3fd88c89a11ec53ec762bb8ba0a96d01ffa2cd45eb1d1d8dd5c5\windows-amd64\native-platform.dll
0x00007ffce9720000 - 0x00007ffce9864000 	C:\Users\BAGUS\.gradle\native\5664cfc778a61ccfe75a443a1ab52a65af34e5dc3c78e0209fed803814484fcb\windows-amd64\native-platform-file-events.dll
0x00007ffd156d0000 - 0x00007ffd156da000 	D:\Apps\Android Studio\jre\bin\management.dll
0x00007ffd135a0000 - 0x00007ffd135ad000 	D:\Apps\Android Studio\jre\bin\management_ext.dll
0x00007ffd19430000 - 0x00007ffd19448000 	C:\Windows\SYSTEM32\CRYPTSP.dll
0x00007ffd18af0000 - 0x00007ffd18b24000 	C:\Windows\system32\rsaenh.dll
0x00007ffd1a230000 - 0x00007ffd1a257000 	C:\Windows\System32\bcrypt.dll
0x00007ffd19940000 - 0x00007ffd1996e000 	C:\Windows\SYSTEM32\USERENV.dll
0x00007ffd19450000 - 0x00007ffd1945c000 	C:\Windows\SYSTEM32\CRYPTBASE.dll
0x00007ffd18ee0000 - 0x00007ffd18f1b000 	C:\Windows\SYSTEM32\IPHLPAPI.DLL
0x00007ffd1b270000 - 0x00007ffd1b278000 	C:\Windows\System32\NSI.dll
0x00007ffd132a0000 - 0x00007ffd132b7000 	C:\Windows\SYSTEM32\dhcpcsvc6.DLL
0x00007ffd13280000 - 0x00007ffd1329d000 	C:\Windows\SYSTEM32\dhcpcsvc.DLL
0x00007ffd18f30000 - 0x00007ffd18ffa000 	C:\Windows\SYSTEM32\DNSAPI.dll
0x00007ffd14f60000 - 0x00007ffd14f7e000 	C:\Users\BAGUS\AppData\Local\Temp\native-platform7125308451294507762dir\native-platform.dll
0x00007ffd15760000 - 0x00007ffd15768000 	D:\Apps\Android Studio\jre\bin\rmi.dll
0x00007ffd04ab0000 - 0x00007ffd04ad7000 	D:\Apps\Android Studio\jre\bin\sunec.dll
0x00007ffd18c10000 - 0x00007ffd18c43000 	C:\Windows\SYSTEM32\ntmarta.dll

dbghelp: loaded successfully - version: 4.0.5 - missing functions: none
symbol engine: initialized successfully - sym options: 0x614 - pdb path: .;D:\Apps\Android Studio\jre\bin;C:\Windows\SYSTEM32;C:\Windows\WinSxS\amd64_microsoft.windows.common-controls_6595b64144ccf1df_6.0.19041.1110_none_60b5254171f9507e;D:\Apps\Android Studio\jre\bin\server;C:\Users\BAGUS\.gradle\native\e1d6ef7f7dcc3fd88c89a11ec53ec762bb8ba0a96d01ffa2cd45eb1d1d8dd5c5\windows-amd64;C:\Users\BAGUS\.gradle\native\5664cfc778a61ccfe75a443a1ab52a65af34e5dc3c78e0209fed803814484fcb\windows-amd64;C:\Users\BAGUS\AppData\Local\Temp\native-platform7125308451294507762dir

VM Arguments:
jvm_args: --add-opens=java.base/java.util=ALL-UNNAMED --add-opens=java.base/java.lang=ALL-UNNAMED --add-opens=java.base/java.lang.invoke=ALL-UNNAMED --add-opens=java.base/java.util=ALL-UNNAMED --add-opens=java.prefs/java.util.prefs=ALL-UNNAMED --add-opens=java.prefs/java.util.prefs=ALL-UNNAMED --add-opens=java.base/java.nio.charset=ALL-UNNAMED --add-opens=java.base/java.net=ALL-UNNAMED --add-opens=java.base/java.util.concurrent.atomic=ALL-UNNAMED -Xmx2048m -Dfile.encoding=UTF-8 -Duser.country=ID -Duser.language=en -Duser.variant 
java_command: org.gradle.launcher.daemon.bootstrap.GradleDaemon 7.3.3
java_class_path (initial): C:\Users\BAGUS\.gradle\wrapper\dists\gradle-7.3.3-bin\6a41zxkdtcxs8rphpq6y0069z\gradle-7.3.3\lib\gradle-launcher-7.3.3.jar
Launcher Type: SUN_STANDARD

[Global flags]
     intx CICompilerCount                          = 3                                         {product} {ergonomic}
     uint ConcGCThreads                            = 1                                         {product} {ergonomic}
     uint G1ConcRefinementThreads                  = 4                                         {product} {ergonomic}
   size_t G1HeapRegionSize                         = 1048576                                   {product} {ergonomic}
    uintx GCDrainStackTargetSize                   = 64                                        {product} {ergonomic}
   size_t InitialHeapSize                          = 134217728                                 {product} {ergonomic}
   size_t MarkStackSize                            = 4194304                                   {product} {ergonomic}
   size_t MaxHeapSize                              = 2147483648                                {product} {command line}
   size_t MaxNewSize                               = 1287651328                                {product} {ergonomic}
   size_t MinHeapDeltaBytes                        = 1048576                                   {product} {ergonomic}
    uintx NonNMethodCodeHeapSize                   = 5830732                                {pd product} {ergonomic}
    uintx NonProfiledCodeHeapSize                  = 122913754                              {pd product} {ergonomic}
    uintx ProfiledCodeHeapSize                     = 122913754                              {pd product} {ergonomic}
    uintx ReservedCodeCacheSize                    = 251658240                              {pd product} {ergonomic}
     bool SegmentedCodeCache                       = true                                      {product} {ergonomic}
     bool UseCompressedClassPointers               = true                                 {lp64_product} {ergonomic}
     bool UseCompressedOops                        = true                                 {lp64_product} {ergonomic}
     bool UseG1GC                                  = true                                      {product} {ergonomic}
     bool UseLargePagesIndividualAllocation        = false                                  {pd product} {ergonomic}

Logging:
Log output configuration:
 #0: stdout all=warning uptime,level,tags
 #1: stderr all=off uptime,level,tags

Environment Variables:
PATH=C:\Program Files\Eclipse Adoptium\jdk-17.0.4.101-hotspot\bin;C:\Program Files (x86)\Common Files\Intel\Shared Libraries\redist\intel64\compiler;C:\Program Files\Common Files\Oracle\Java\javapath;C:\Windows\system32;C:\Windows;C:\Windows\System32\Wbem;C:\Windows\System32\WindowsPowerShell\v1.0\;C:\Windows\System32\OpenSSH\;C:\Program Files\kotlinc;C:\Program Files\kotlinc\bin;C:\Program Files\Java\jdk-18.0.2.1\bin;C:\Program Files\Git\cmd;C:\Users\BAGUS\AppData\Local\Programs\Python\Python310\Scripts\;C:\Users\BAGUS\AppData\Local\Programs\Python\Python310\;C:\Users\BAGUS\AppData\Local\Microsoft\WindowsApps;C:\Users\BAGUS\AppData\Local\Programs\Microsoft VS Code\bin;C:\Users\BAGUS\AppData\Local\GitHubDesktop\bin
USERNAME=BAGUS
OS=Windows_NT
PROCESSOR_IDENTIFIER=Intel64 Family 6 Model 158 Stepping 9, GenuineIntel



---------------  S Y S T E M  ---------------

OS: Windows 10 , 64 bit Build 19041 (10.0.19041.1889)
OS uptime: 0 days 11:15 hours

CPU:total 4 (initial active 4) (2 cores per cpu, 2 threads per core) family 6 model 158 stepping 9 microcode 0xb4, cmov, cx8, fxsr, mmx, sse, sse2, sse3, ssse3, sse4.1, sse4.2, popcnt, aes, clmul, erms, 3dnowpref, lzcnt, ht, tsc, tscinvbit

Memory: 4k page, system-wide physical 8156M (405M free)
TotalPageFile size 10204M (AvailPageFile size 0M)
current process WorkingSet (physical memory assigned to process): 579M, peak: 656M
current process commit charge ("private bytes"): 724M, peak: 729M

vm_info: OpenJDK 64-Bit Server VM (11.0.12+7-b1504.28-7817840) for windows-amd64 JRE (11.0.12+7-b1504.28-7817840), built on Oct 13 2021 22:12:33 by "builder" with MS VC++ 14.0 (VS2015)

END.
